1543308519753|3|statement|connection 0|drop table customer if exists|drop table customer if exists
1543308519754|0|statement|connection 0|drop sequence if exists hibernate_sequence|drop sequence if exists hibernate_sequence
1543308519757|0|statement|connection 0|create sequence hibernate_sequence start with 1 increment by 1|create sequence hibernate_sequence start with 1 increment by 1
1543308519762|3|statement|connection 0|create table customer (id bigint not null, first_name varchar(255), last_name varchar(255), primary key (id))|create table customer (id bigint not null, first_name varchar(255), last_name varchar(255), primary key (id))
1543308520321|6|statement|connection 0|CREATE TABLE BATCH_JOB_INSTANCE ( JOB_INSTANCE_ID BIGINT IDENTITY NOT NULL PRIMARY KEY , VERSION BIGINT , JOB_NAME VARCHAR(100) NOT NULL, JOB_KEY VARCHAR(32) NOT NULL, constraint JOB_INST_UN unique (JOB_NAME, JOB_KEY) ) |CREATE TABLE BATCH_JOB_INSTANCE ( JOB_INSTANCE_ID BIGINT IDENTITY NOT NULL PRIMARY KEY , VERSION BIGINT , JOB_NAME VARCHAR(100) NOT NULL, JOB_KEY VARCHAR(32) NOT NULL, constraint JOB_INST_UN unique (JOB_NAME, JOB_KEY) ) 
1543308520329|6|statement|connection 0|CREATE TABLE BATCH_JOB_EXECUTION ( JOB_EXECUTION_ID BIGINT IDENTITY NOT NULL PRIMARY KEY , VERSION BIGINT , JOB_INSTANCE_ID BIGINT NOT NULL, CREATE_TIME TIMESTAMP NOT NULL, START_TIME TIMESTAMP DEFAULT NULL , END_TIME TIMESTAMP DEFAULT NULL , STATUS VARCHAR(10) , EXIT_CODE VARCHAR(2500) , EXIT_MESSAGE VARCHAR(2500) , LAST_UPDATED TIMESTAMP, JOB_CONFIGURATION_LOCATION VARCHAR(2500) NULL, constraint JOB_INST_EXEC_FK foreign key (JOB_INSTANCE_ID) references BATCH_JOB_INSTANCE(JOB_INSTANCE_ID) ) |CREATE TABLE BATCH_JOB_EXECUTION ( JOB_EXECUTION_ID BIGINT IDENTITY NOT NULL PRIMARY KEY , VERSION BIGINT , JOB_INSTANCE_ID BIGINT NOT NULL, CREATE_TIME TIMESTAMP NOT NULL, START_TIME TIMESTAMP DEFAULT NULL , END_TIME TIMESTAMP DEFAULT NULL , STATUS VARCHAR(10) , EXIT_CODE VARCHAR(2500) , EXIT_MESSAGE VARCHAR(2500) , LAST_UPDATED TIMESTAMP, JOB_CONFIGURATION_LOCATION VARCHAR(2500) NULL, constraint JOB_INST_EXEC_FK foreign key (JOB_INSTANCE_ID) references BATCH_JOB_INSTANCE(JOB_INSTANCE_ID) ) 
1543308520331|1|statement|connection 0|CREATE TABLE BATCH_JOB_EXECUTION_PARAMS ( JOB_EXECUTION_ID BIGINT NOT NULL , TYPE_CD VARCHAR(6) NOT NULL , KEY_NAME VARCHAR(100) NOT NULL , STRING_VAL VARCHAR(250) , DATE_VAL TIMESTAMP DEFAULT NULL , LONG_VAL BIGINT , DOUBLE_VAL DOUBLE PRECISION , IDENTIFYING CHAR(1) NOT NULL , constraint JOB_EXEC_PARAMS_FK foreign key (JOB_EXECUTION_ID) references BATCH_JOB_EXECUTION(JOB_EXECUTION_ID) ) |CREATE TABLE BATCH_JOB_EXECUTION_PARAMS ( JOB_EXECUTION_ID BIGINT NOT NULL , TYPE_CD VARCHAR(6) NOT NULL , KEY_NAME VARCHAR(100) NOT NULL , STRING_VAL VARCHAR(250) , DATE_VAL TIMESTAMP DEFAULT NULL , LONG_VAL BIGINT , DOUBLE_VAL DOUBLE PRECISION , IDENTIFYING CHAR(1) NOT NULL , constraint JOB_EXEC_PARAMS_FK foreign key (JOB_EXECUTION_ID) references BATCH_JOB_EXECUTION(JOB_EXECUTION_ID) ) 
1543308520333|1|statement|connection 0|CREATE TABLE BATCH_STEP_EXECUTION ( STEP_EXECUTION_ID BIGINT IDENTITY NOT NULL PRIMARY KEY , VERSION BIGINT NOT NULL, STEP_NAME VARCHAR(100) NOT NULL, JOB_EXECUTION_ID BIGINT NOT NULL, START_TIME TIMESTAMP NOT NULL , END_TIME TIMESTAMP DEFAULT NULL , STATUS VARCHAR(10) , COMMIT_COUNT BIGINT , READ_COUNT BIGINT , FILTER_COUNT BIGINT , WRITE_COUNT BIGINT , READ_SKIP_COUNT BIGINT , WRITE_SKIP_COUNT BIGINT , PROCESS_SKIP_COUNT BIGINT , ROLLBACK_COUNT BIGINT , EXIT_CODE VARCHAR(2500) , EXIT_MESSAGE VARCHAR(2500) , LAST_UPDATED TIMESTAMP, constraint JOB_EXEC_STEP_FK foreign key (JOB_EXECUTION_ID) references BATCH_JOB_EXECUTION(JOB_EXECUTION_ID) ) |CREATE TABLE BATCH_STEP_EXECUTION ( STEP_EXECUTION_ID BIGINT IDENTITY NOT NULL PRIMARY KEY , VERSION BIGINT NOT NULL, STEP_NAME VARCHAR(100) NOT NULL, JOB_EXECUTION_ID BIGINT NOT NULL, START_TIME TIMESTAMP NOT NULL , END_TIME TIMESTAMP DEFAULT NULL , STATUS VARCHAR(10) , COMMIT_COUNT BIGINT , READ_COUNT BIGINT , FILTER_COUNT BIGINT , WRITE_COUNT BIGINT , READ_SKIP_COUNT BIGINT , WRITE_SKIP_COUNT BIGINT , PROCESS_SKIP_COUNT BIGINT , ROLLBACK_COUNT BIGINT , EXIT_CODE VARCHAR(2500) , EXIT_MESSAGE VARCHAR(2500) , LAST_UPDATED TIMESTAMP, constraint JOB_EXEC_STEP_FK foreign key (JOB_EXECUTION_ID) references BATCH_JOB_EXECUTION(JOB_EXECUTION_ID) ) 
1543308520335|1|statement|connection 0|CREATE TABLE BATCH_STEP_EXECUTION_CONTEXT ( STEP_EXECUTION_ID BIGINT NOT NULL PRIMARY KEY, SHORT_CONTEXT VARCHAR(2500) NOT NULL, SERIALIZED_CONTEXT LONGVARCHAR , constraint STEP_EXEC_CTX_FK foreign key (STEP_EXECUTION_ID) references BATCH_STEP_EXECUTION(STEP_EXECUTION_ID) ) |CREATE TABLE BATCH_STEP_EXECUTION_CONTEXT ( STEP_EXECUTION_ID BIGINT NOT NULL PRIMARY KEY, SHORT_CONTEXT VARCHAR(2500) NOT NULL, SERIALIZED_CONTEXT LONGVARCHAR , constraint STEP_EXEC_CTX_FK foreign key (STEP_EXECUTION_ID) references BATCH_STEP_EXECUTION(STEP_EXECUTION_ID) ) 
1543308520336|1|statement|connection 0|CREATE TABLE BATCH_JOB_EXECUTION_CONTEXT ( JOB_EXECUTION_ID BIGINT NOT NULL PRIMARY KEY, SHORT_CONTEXT VARCHAR(2500) NOT NULL, SERIALIZED_CONTEXT LONGVARCHAR , constraint JOB_EXEC_CTX_FK foreign key (JOB_EXECUTION_ID) references BATCH_JOB_EXECUTION(JOB_EXECUTION_ID) ) |CREATE TABLE BATCH_JOB_EXECUTION_CONTEXT ( JOB_EXECUTION_ID BIGINT NOT NULL PRIMARY KEY, SHORT_CONTEXT VARCHAR(2500) NOT NULL, SERIALIZED_CONTEXT LONGVARCHAR , constraint JOB_EXEC_CTX_FK foreign key (JOB_EXECUTION_ID) references BATCH_JOB_EXECUTION(JOB_EXECUTION_ID) ) 
1543308520336|0|statement|connection 0|CREATE SEQUENCE BATCH_STEP_EXECUTION_SEQ|CREATE SEQUENCE BATCH_STEP_EXECUTION_SEQ
1543308520336|0|statement|connection 0|CREATE SEQUENCE BATCH_JOB_EXECUTION_SEQ|CREATE SEQUENCE BATCH_JOB_EXECUTION_SEQ
1543308520337|0|statement|connection 0|CREATE SEQUENCE BATCH_JOB_SEQ|CREATE SEQUENCE BATCH_JOB_SEQ
1543308520464|1|statement|connection 0|SELECT JOB_INSTANCE_ID, JOB_NAME from BATCH_JOB_INSTANCE where JOB_NAME = ? and JOB_KEY = ?|SELECT JOB_INSTANCE_ID, JOB_NAME from BATCH_JOB_INSTANCE where JOB_NAME = 'job' and JOB_KEY = 'd41d8cd98f00b204e9800998ecf8427e'
1543308520467|0|commit|connection 0||
1543308520468|0|statement|connection 0|SELECT JOB_INSTANCE_ID, JOB_NAME from BATCH_JOB_INSTANCE where JOB_NAME = ? and JOB_KEY = ?|SELECT JOB_INSTANCE_ID, JOB_NAME from BATCH_JOB_INSTANCE where JOB_NAME = 'job' and JOB_KEY = 'd41d8cd98f00b204e9800998ecf8427e'
1543308520468|0|commit|connection 0||
1543308520469|0|statement|connection 0|SELECT JOB_INSTANCE_ID, JOB_NAME from BATCH_JOB_INSTANCE where JOB_NAME = ? and JOB_KEY = ?|SELECT JOB_INSTANCE_ID, JOB_NAME from BATCH_JOB_INSTANCE where JOB_NAME = 'job' and JOB_KEY = 'd41d8cd98f00b204e9800998ecf8427e'
1543308520469|0|statement|connection 0|SELECT JOB_INSTANCE_ID, JOB_NAME from BATCH_JOB_INSTANCE where JOB_NAME = ? and JOB_KEY = ?|SELECT JOB_INSTANCE_ID, JOB_NAME from BATCH_JOB_INSTANCE where JOB_NAME = 'job' and JOB_KEY = 'd41d8cd98f00b204e9800998ecf8427e'
1543308520472|2|statement|connection 0|select BATCH_JOB_SEQ.nextval from dual|select BATCH_JOB_SEQ.nextval from dual
1543308520475|0|statement|connection 0|INSERT into BATCH_JOB_INSTANCE(JOB_INSTANCE_ID, JOB_NAME, JOB_KEY, VERSION) values (?, ?, ?, ?)|INSERT into BATCH_JOB_INSTANCE(JOB_INSTANCE_ID, JOB_NAME, JOB_KEY, VERSION) values (1, 'job', 'd41d8cd98f00b204e9800998ecf8427e', 0)
1543308520476|0|statement|connection 0|select BATCH_JOB_EXECUTION_SEQ.nextval from dual|select BATCH_JOB_EXECUTION_SEQ.nextval from dual
1543308520479|0|statement|connection 0|INSERT into BATCH_JOB_EXECUTION(JOB_EXECUTION_ID, JOB_INSTANCE_ID, START_TIME, END_TIME, STATUS, EXIT_CODE, EXIT_MESSAGE, VERSION, CREATE_TIME, LAST_UPDATED, JOB_CONFIGURATION_LOCATION) values (?, ?, ?, ?, ?, ?, ?, ?, ?, ?, ?)|INSERT into BATCH_JOB_EXECUTION(JOB_EXECUTION_ID, JOB_INSTANCE_ID, START_TIME, END_TIME, STATUS, EXIT_CODE, EXIT_MESSAGE, VERSION, CREATE_TIME, LAST_UPDATED, JOB_CONFIGURATION_LOCATION) values (1, 1, NULL, NULL, 'STARTING', 'UNKNOWN', '', 0, '27-Nov-18', '27-Nov-18', NULL)
1543308520498|0|statement|connection 0|INSERT INTO BATCH_JOB_EXECUTION_CONTEXT (SHORT_CONTEXT, SERIALIZED_CONTEXT, JOB_EXECUTION_ID) VALUES(?, ?, ?)|INSERT INTO BATCH_JOB_EXECUTION_CONTEXT (SHORT_CONTEXT, SERIALIZED_CONTEXT, JOB_EXECUTION_ID) VALUES('{}', NULL, 1)
1543308520498|0|commit|connection 0||
1543308520504|0|statement|connection 0|SELECT VERSION FROM BATCH_JOB_EXECUTION WHERE JOB_EXECUTION_ID=?|SELECT VERSION FROM BATCH_JOB_EXECUTION WHERE JOB_EXECUTION_ID=1
1543308520506|1|statement|connection 0|SELECT COUNT(*) FROM BATCH_JOB_EXECUTION WHERE JOB_EXECUTION_ID = ?|SELECT COUNT(*) FROM BATCH_JOB_EXECUTION WHERE JOB_EXECUTION_ID = 1
1543308520509|0|statement|connection 0|UPDATE BATCH_JOB_EXECUTION set START_TIME = ?, END_TIME = ?,  STATUS = ?, EXIT_CODE = ?, EXIT_MESSAGE = ?, VERSION = ?, CREATE_TIME = ?, LAST_UPDATED = ? where JOB_EXECUTION_ID = ? and VERSION = ?|UPDATE BATCH_JOB_EXECUTION set START_TIME = '27-Nov-18', END_TIME = NULL,  STATUS = 'STARTED', EXIT_CODE = 'UNKNOWN', EXIT_MESSAGE = '', VERSION = 1, CREATE_TIME = '27-Nov-18', LAST_UPDATED = '27-Nov-18' where JOB_EXECUTION_ID = 1 and VERSION = 0
1543308520509|0|commit|connection 0||
1543308520511|0|statement|connection 0|SELECT JOB_EXECUTION_ID, START_TIME, END_TIME, STATUS, EXIT_CODE, EXIT_MESSAGE, CREATE_TIME, LAST_UPDATED, VERSION, JOB_CONFIGURATION_LOCATION from BATCH_JOB_EXECUTION where JOB_INSTANCE_ID = ? order by JOB_EXECUTION_ID desc|SELECT JOB_EXECUTION_ID, START_TIME, END_TIME, STATUS, EXIT_CODE, EXIT_MESSAGE, CREATE_TIME, LAST_UPDATED, VERSION, JOB_CONFIGURATION_LOCATION from BATCH_JOB_EXECUTION where JOB_INSTANCE_ID = 1 order by JOB_EXECUTION_ID desc
1543308520511|0|statement|connection 0|SELECT JOB_EXECUTION_ID, KEY_NAME, TYPE_CD, STRING_VAL, DATE_VAL, LONG_VAL, DOUBLE_VAL, IDENTIFYING from BATCH_JOB_EXECUTION_PARAMS where JOB_EXECUTION_ID = ?|SELECT JOB_EXECUTION_ID, KEY_NAME, TYPE_CD, STRING_VAL, DATE_VAL, LONG_VAL, DOUBLE_VAL, IDENTIFYING from BATCH_JOB_EXECUTION_PARAMS where JOB_EXECUTION_ID = 1
1543308520513|0|statement|connection 0|SELECT STEP_EXECUTION_ID, STEP_NAME, START_TIME, END_TIME, STATUS, COMMIT_COUNT, READ_COUNT, FILTER_COUNT, WRITE_COUNT, EXIT_CODE, EXIT_MESSAGE, READ_SKIP_COUNT, WRITE_SKIP_COUNT, PROCESS_SKIP_COUNT, ROLLBACK_COUNT, LAST_UPDATED, VERSION from BATCH_STEP_EXECUTION where JOB_EXECUTION_ID = ? order by STEP_EXECUTION_ID|SELECT STEP_EXECUTION_ID, STEP_NAME, START_TIME, END_TIME, STATUS, COMMIT_COUNT, READ_COUNT, FILTER_COUNT, WRITE_COUNT, EXIT_CODE, EXIT_MESSAGE, READ_SKIP_COUNT, WRITE_SKIP_COUNT, PROCESS_SKIP_COUNT, ROLLBACK_COUNT, LAST_UPDATED, VERSION from BATCH_STEP_EXECUTION where JOB_EXECUTION_ID = 1 order by STEP_EXECUTION_ID
1543308520513|0|commit|connection 0||
1543308520513|0|statement|connection 0|SELECT JOB_EXECUTION_ID, START_TIME, END_TIME, STATUS, EXIT_CODE, EXIT_MESSAGE, CREATE_TIME, LAST_UPDATED, VERSION, JOB_CONFIGURATION_LOCATION from BATCH_JOB_EXECUTION where JOB_INSTANCE_ID = ? order by JOB_EXECUTION_ID desc|SELECT JOB_EXECUTION_ID, START_TIME, END_TIME, STATUS, EXIT_CODE, EXIT_MESSAGE, CREATE_TIME, LAST_UPDATED, VERSION, JOB_CONFIGURATION_LOCATION from BATCH_JOB_EXECUTION where JOB_INSTANCE_ID = 1 order by JOB_EXECUTION_ID desc
1543308520513|0|statement|connection 0|SELECT JOB_EXECUTION_ID, KEY_NAME, TYPE_CD, STRING_VAL, DATE_VAL, LONG_VAL, DOUBLE_VAL, IDENTIFYING from BATCH_JOB_EXECUTION_PARAMS where JOB_EXECUTION_ID = ?|SELECT JOB_EXECUTION_ID, KEY_NAME, TYPE_CD, STRING_VAL, DATE_VAL, LONG_VAL, DOUBLE_VAL, IDENTIFYING from BATCH_JOB_EXECUTION_PARAMS where JOB_EXECUTION_ID = 1
1543308520514|0|statement|connection 0|SELECT STEP_EXECUTION_ID, STEP_NAME, START_TIME, END_TIME, STATUS, COMMIT_COUNT, READ_COUNT, FILTER_COUNT, WRITE_COUNT, EXIT_CODE, EXIT_MESSAGE, READ_SKIP_COUNT, WRITE_SKIP_COUNT, PROCESS_SKIP_COUNT, ROLLBACK_COUNT, LAST_UPDATED, VERSION from BATCH_STEP_EXECUTION where JOB_EXECUTION_ID = ? order by STEP_EXECUTION_ID|SELECT STEP_EXECUTION_ID, STEP_NAME, START_TIME, END_TIME, STATUS, COMMIT_COUNT, READ_COUNT, FILTER_COUNT, WRITE_COUNT, EXIT_CODE, EXIT_MESSAGE, READ_SKIP_COUNT, WRITE_SKIP_COUNT, PROCESS_SKIP_COUNT, ROLLBACK_COUNT, LAST_UPDATED, VERSION from BATCH_STEP_EXECUTION where JOB_EXECUTION_ID = 1 order by STEP_EXECUTION_ID
1543308520514|0|commit|connection 0||
1543308520515|0|statement|connection 0|select BATCH_STEP_EXECUTION_SEQ.nextval from dual|select BATCH_STEP_EXECUTION_SEQ.nextval from dual
1543308520516|0|statement|connection 0|INSERT into BATCH_STEP_EXECUTION(STEP_EXECUTION_ID, VERSION, STEP_NAME, JOB_EXECUTION_ID, START_TIME, END_TIME, STATUS, COMMIT_COUNT, READ_COUNT, FILTER_COUNT, WRITE_COUNT, EXIT_CODE, EXIT_MESSAGE, READ_SKIP_COUNT, WRITE_SKIP_COUNT, PROCESS_SKIP_COUNT, ROLLBACK_COUNT, LAST_UPDATED) values(?, ?, ?, ?, ?, ?, ?, ?, ?, ?, ?, ?, ?, ?, ?, ?, ?, ?)|INSERT into BATCH_STEP_EXECUTION(STEP_EXECUTION_ID, VERSION, STEP_NAME, JOB_EXECUTION_ID, START_TIME, END_TIME, STATUS, COMMIT_COUNT, READ_COUNT, FILTER_COUNT, WRITE_COUNT, EXIT_CODE, EXIT_MESSAGE, READ_SKIP_COUNT, WRITE_SKIP_COUNT, PROCESS_SKIP_COUNT, ROLLBACK_COUNT, LAST_UPDATED) values(1, 0, 'step', 1, '27-Nov-18', NULL, 'STARTING', 0, 0, 0, 0, 'EXECUTING', '', 0, 0, 0, 0, '27-Nov-18')
1543308520516|0|statement|connection 0|INSERT INTO BATCH_STEP_EXECUTION_CONTEXT (SHORT_CONTEXT, SERIALIZED_CONTEXT, STEP_EXECUTION_ID) VALUES(?, ?, ?)|INSERT INTO BATCH_STEP_EXECUTION_CONTEXT (SHORT_CONTEXT, SERIALIZED_CONTEXT, STEP_EXECUTION_ID) VALUES('{}', NULL, 1)
1543308520516|0|commit|connection 0||
1543308520517|0|statement|connection 0|UPDATE BATCH_STEP_EXECUTION set START_TIME = ?, END_TIME = ?, STATUS = ?, COMMIT_COUNT = ?, READ_COUNT = ?, FILTER_COUNT = ?, WRITE_COUNT = ?, EXIT_CODE = ?, EXIT_MESSAGE = ?, VERSION = ?, READ_SKIP_COUNT = ?, PROCESS_SKIP_COUNT = ?, WRITE_SKIP_COUNT = ?, ROLLBACK_COUNT = ?, LAST_UPDATED = ? where STEP_EXECUTION_ID = ? and VERSION = ?|UPDATE BATCH_STEP_EXECUTION set START_TIME = '27-Nov-18', END_TIME = NULL, STATUS = 'STARTED', COMMIT_COUNT = 0, READ_COUNT = 0, FILTER_COUNT = 0, WRITE_COUNT = 0, EXIT_CODE = 'EXECUTING', EXIT_MESSAGE = '', VERSION = 1, READ_SKIP_COUNT = 0, PROCESS_SKIP_COUNT = 0, WRITE_SKIP_COUNT = 0, ROLLBACK_COUNT = 0, LAST_UPDATED = '27-Nov-18' where STEP_EXECUTION_ID = 1 and VERSION = 0
1543308520518|0|statement|connection 0|SELECT VERSION FROM BATCH_JOB_EXECUTION WHERE JOB_EXECUTION_ID=?|SELECT VERSION FROM BATCH_JOB_EXECUTION WHERE JOB_EXECUTION_ID=1
1543308520518|0|commit|connection 0||
1543308520521|0|statement|connection 0|UPDATE BATCH_STEP_EXECUTION_CONTEXT SET SHORT_CONTEXT = ?, SERIALIZED_CONTEXT = ? WHERE STEP_EXECUTION_ID = ?|UPDATE BATCH_STEP_EXECUTION_CONTEXT SET SHORT_CONTEXT = '{"batch.taskletType":"org.springframework.batch.core.step.item.ChunkOrientedTasklet","batch.stepType":"org.springframework.batch.core.step.tasklet.TaskletStep"}', SERIALIZED_CONTEXT = NULL WHERE STEP_EXECUTION_ID = 1
1543308520521|0|commit|connection 0||
1543308521562|1|statement|connection 2|call next value for hibernate_sequence|call next value for hibernate_sequence
1543308521562|1|statement|connection 0|call next value for hibernate_sequence|call next value for hibernate_sequence
1543308521562|1|statement|connection 1|call next value for hibernate_sequence|call next value for hibernate_sequence
1543308521562|1|statement|connection 3|call next value for hibernate_sequence|call next value for hibernate_sequence
1543308521576|0|statement|connection 1|call next value for hibernate_sequence|call next value for hibernate_sequence
1543308521576|0|statement|connection 2|call next value for hibernate_sequence|call next value for hibernate_sequence
1543308521576|0|statement|connection 0|call next value for hibernate_sequence|call next value for hibernate_sequence
1543308521576|0|statement|connection 3|call next value for hibernate_sequence|call next value for hibernate_sequence
1543308521576|0|statement|connection 1|call next value for hibernate_sequence|call next value for hibernate_sequence
1543308521576|0|statement|connection 2|call next value for hibernate_sequence|call next value for hibernate_sequence
1543308521576|0|statement|connection 0|call next value for hibernate_sequence|call next value for hibernate_sequence
1543308521577|0|statement|connection 3|call next value for hibernate_sequence|call next value for hibernate_sequence
1543308521577|0|statement|connection 1|call next value for hibernate_sequence|call next value for hibernate_sequence
1543308521577|0|statement|connection 0|call next value for hibernate_sequence|call next value for hibernate_sequence
1543308521577|0|statement|connection 2|call next value for hibernate_sequence|call next value for hibernate_sequence
1543308521577|0|statement|connection 3|call next value for hibernate_sequence|call next value for hibernate_sequence
1543308521578|0|statement|connection 1|call next value for hibernate_sequence|call next value for hibernate_sequence
1543308521578|0|statement|connection 0|call next value for hibernate_sequence|call next value for hibernate_sequence
1543308521578|0|statement|connection 2|call next value for hibernate_sequence|call next value for hibernate_sequence
1543308521578|0|statement|connection 3|call next value for hibernate_sequence|call next value for hibernate_sequence
1543308521578|0|statement|connection 2|call next value for hibernate_sequence|call next value for hibernate_sequence
1543308521578|0|statement|connection 1|call next value for hibernate_sequence|call next value for hibernate_sequence
1543308521578|0|statement|connection 0|call next value for hibernate_sequence|call next value for hibernate_sequence
1543308521579|0|statement|connection 3|call next value for hibernate_sequence|call next value for hibernate_sequence
1543308521579|0|statement|connection 2|call next value for hibernate_sequence|call next value for hibernate_sequence
1543308521579|0|statement|connection 1|call next value for hibernate_sequence|call next value for hibernate_sequence
1543308521579|0|statement|connection 0|call next value for hibernate_sequence|call next value for hibernate_sequence
1543308521579|0|statement|connection 3|call next value for hibernate_sequence|call next value for hibernate_sequence
1543308521579|0|statement|connection 2|call next value for hibernate_sequence|call next value for hibernate_sequence
1543308521579|0|statement|connection 1|call next value for hibernate_sequence|call next value for hibernate_sequence
1543308521580|0|statement|connection 0|call next value for hibernate_sequence|call next value for hibernate_sequence
1543308521580|0|statement|connection 3|call next value for hibernate_sequence|call next value for hibernate_sequence
1543308521580|0|statement|connection 2|call next value for hibernate_sequence|call next value for hibernate_sequence
1543308521580|0|statement|connection 1|call next value for hibernate_sequence|call next value for hibernate_sequence
1543308521580|0|statement|connection 3|call next value for hibernate_sequence|call next value for hibernate_sequence
1543308521580|0|statement|connection 0|call next value for hibernate_sequence|call next value for hibernate_sequence
1543308521581|0|statement|connection 2|call next value for hibernate_sequence|call next value for hibernate_sequence
1543308521581|0|statement|connection 1|call next value for hibernate_sequence|call next value for hibernate_sequence
1543308521581|0|statement|connection 3|call next value for hibernate_sequence|call next value for hibernate_sequence
1543308521581|0|statement|connection 0|call next value for hibernate_sequence|call next value for hibernate_sequence
1543308521582|0|statement|connection 2|UPDATE BATCH_STEP_EXECUTION_CONTEXT SET SHORT_CONTEXT = ?, SERIALIZED_CONTEXT = ? WHERE STEP_EXECUTION_ID = ?|UPDATE BATCH_STEP_EXECUTION_CONTEXT SET SHORT_CONTEXT = '{"batch.taskletType":"org.springframework.batch.core.step.item.ChunkOrientedTasklet","batch.stepType":"org.springframework.batch.core.step.tasklet.TaskletStep"}', SERIALIZED_CONTEXT = NULL WHERE STEP_EXECUTION_ID = 1
1543308521585|2|statement|connection 2|UPDATE BATCH_STEP_EXECUTION set START_TIME = ?, END_TIME = ?, STATUS = ?, COMMIT_COUNT = ?, READ_COUNT = ?, FILTER_COUNT = ?, WRITE_COUNT = ?, EXIT_CODE = ?, EXIT_MESSAGE = ?, VERSION = ?, READ_SKIP_COUNT = ?, PROCESS_SKIP_COUNT = ?, WRITE_SKIP_COUNT = ?, ROLLBACK_COUNT = ?, LAST_UPDATED = ? where STEP_EXECUTION_ID = ? and VERSION = ?|UPDATE BATCH_STEP_EXECUTION set START_TIME = '27-Nov-18', END_TIME = NULL, STATUS = 'STARTED', COMMIT_COUNT = 1, READ_COUNT = 10, FILTER_COUNT = 0, WRITE_COUNT = 10, EXIT_CODE = 'EXECUTING', EXIT_MESSAGE = '', VERSION = 2, READ_SKIP_COUNT = 0, PROCESS_SKIP_COUNT = 0, WRITE_SKIP_COUNT = 0, ROLLBACK_COUNT = 0, LAST_UPDATED = '27-Nov-18' where STEP_EXECUTION_ID = 1 and VERSION = 1
1543308521585|0|statement|connection 2|SELECT VERSION FROM BATCH_JOB_EXECUTION WHERE JOB_EXECUTION_ID=?|SELECT VERSION FROM BATCH_JOB_EXECUTION WHERE JOB_EXECUTION_ID=1
1543308521591|0|statement|connection 2|insert into customer (first_name, last_name, id) values (?, ?, ?)|insert into customer (first_name, last_name, id) values ('foo1', 'foo1', 1)
1543308521591|0|statement|connection 2|insert into customer (first_name, last_name, id) values (?, ?, ?)|insert into customer (first_name, last_name, id) values ('foo6', 'foo6', 7)
1543308521592|0|statement|connection 2|insert into customer (first_name, last_name, id) values (?, ?, ?)|insert into customer (first_name, last_name, id) values ('foo13', 'foo13', 10)
1543308521592|0|statement|connection 2|insert into customer (first_name, last_name, id) values (?, ?, ?)|insert into customer (first_name, last_name, id) values ('foo17', 'foo17', 15)
1543308521592|0|statement|connection 2|insert into customer (first_name, last_name, id) values (?, ?, ?)|insert into customer (first_name, last_name, id) values ('foo21', 'foo21', 19)
1543308521592|0|statement|connection 2|insert into customer (first_name, last_name, id) values (?, ?, ?)|insert into customer (first_name, last_name, id) values ('foo24', 'foo24', 21)
1543308521593|0|statement|connection 2|insert into customer (first_name, last_name, id) values (?, ?, ?)|insert into customer (first_name, last_name, id) values ('foo28', 'foo28', 25)
1543308521593|0|statement|connection 2|insert into customer (first_name, last_name, id) values (?, ?, ?)|insert into customer (first_name, last_name, id) values ('foo31', 'foo31', 29)
1543308521593|0|statement|connection 2|insert into customer (first_name, last_name, id) values (?, ?, ?)|insert into customer (first_name, last_name, id) values ('foo34', 'foo34', 33)
1543308521593|0|statement|connection 2|insert into customer (first_name, last_name, id) values (?, ?, ?)|insert into customer (first_name, last_name, id) values ('foo36', 'foo36', 37)
1543308521594|0|commit|connection 2||
1543308521595|0|statement|connection 1|UPDATE BATCH_STEP_EXECUTION_CONTEXT SET SHORT_CONTEXT = ?, SERIALIZED_CONTEXT = ? WHERE STEP_EXECUTION_ID = ?|UPDATE BATCH_STEP_EXECUTION_CONTEXT SET SHORT_CONTEXT = '{"batch.taskletType":"org.springframework.batch.core.step.item.ChunkOrientedTasklet","batch.stepType":"org.springframework.batch.core.step.tasklet.TaskletStep"}', SERIALIZED_CONTEXT = NULL WHERE STEP_EXECUTION_ID = 1
1543308521596|0|statement|connection 1|UPDATE BATCH_STEP_EXECUTION set START_TIME = ?, END_TIME = ?, STATUS = ?, COMMIT_COUNT = ?, READ_COUNT = ?, FILTER_COUNT = ?, WRITE_COUNT = ?, EXIT_CODE = ?, EXIT_MESSAGE = ?, VERSION = ?, READ_SKIP_COUNT = ?, PROCESS_SKIP_COUNT = ?, WRITE_SKIP_COUNT = ?, ROLLBACK_COUNT = ?, LAST_UPDATED = ? where STEP_EXECUTION_ID = ? and VERSION = ?|UPDATE BATCH_STEP_EXECUTION set START_TIME = '27-Nov-18', END_TIME = NULL, STATUS = 'STARTED', COMMIT_COUNT = 2, READ_COUNT = 20, FILTER_COUNT = 0, WRITE_COUNT = 20, EXIT_CODE = 'EXECUTING', EXIT_MESSAGE = '', VERSION = 3, READ_SKIP_COUNT = 0, PROCESS_SKIP_COUNT = 0, WRITE_SKIP_COUNT = 0, ROLLBACK_COUNT = 0, LAST_UPDATED = '27-Nov-18' where STEP_EXECUTION_ID = 1 and VERSION = 2
1543308521596|0|statement|connection 1|SELECT VERSION FROM BATCH_JOB_EXECUTION WHERE JOB_EXECUTION_ID=?|SELECT VERSION FROM BATCH_JOB_EXECUTION WHERE JOB_EXECUTION_ID=1
1543308521597|0|statement|connection 1|insert into customer (first_name, last_name, id) values (?, ?, ?)|insert into customer (first_name, last_name, id) values ('foo3', 'foo3', 3)
1543308521598|0|statement|connection 1|insert into customer (first_name, last_name, id) values (?, ?, ?)|insert into customer (first_name, last_name, id) values ('foo7', 'foo7', 5)
1543308521598|0|statement|connection 1|insert into customer (first_name, last_name, id) values (?, ?, ?)|insert into customer (first_name, last_name, id) values ('foo10', 'foo10', 9)
1543308521598|0|statement|connection 1|insert into customer (first_name, last_name, id) values (?, ?, ?)|insert into customer (first_name, last_name, id) values ('foo12', 'foo12', 13)
1543308521598|0|statement|connection 1|insert into customer (first_name, last_name, id) values (?, ?, ?)|insert into customer (first_name, last_name, id) values ('foo16', 'foo16', 17)
1543308521598|0|statement|connection 1|insert into customer (first_name, last_name, id) values (?, ?, ?)|insert into customer (first_name, last_name, id) values ('foo19', 'foo19', 22)
1543308521599|0|statement|connection 1|insert into customer (first_name, last_name, id) values (?, ?, ?)|insert into customer (first_name, last_name, id) values ('foo23', 'foo23', 26)
1543308521599|0|statement|connection 1|insert into customer (first_name, last_name, id) values (?, ?, ?)|insert into customer (first_name, last_name, id) values ('foo27', 'foo27', 30)
1543308521599|0|statement|connection 1|insert into customer (first_name, last_name, id) values (?, ?, ?)|insert into customer (first_name, last_name, id) values ('foo35', 'foo35', 34)
1543308521599|0|statement|connection 1|insert into customer (first_name, last_name, id) values (?, ?, ?)|insert into customer (first_name, last_name, id) values ('foo37', 'foo37', 38)
1543308521599|0|commit|connection 1||
1543308521600|0|statement|connection 3|UPDATE BATCH_STEP_EXECUTION_CONTEXT SET SHORT_CONTEXT = ?, SERIALIZED_CONTEXT = ? WHERE STEP_EXECUTION_ID = ?|UPDATE BATCH_STEP_EXECUTION_CONTEXT SET SHORT_CONTEXT = '{"batch.taskletType":"org.springframework.batch.core.step.item.ChunkOrientedTasklet","batch.stepType":"org.springframework.batch.core.step.tasklet.TaskletStep"}', SERIALIZED_CONTEXT = NULL WHERE STEP_EXECUTION_ID = 1
1543308521601|0|statement|connection 3|UPDATE BATCH_STEP_EXECUTION set START_TIME = ?, END_TIME = ?, STATUS = ?, COMMIT_COUNT = ?, READ_COUNT = ?, FILTER_COUNT = ?, WRITE_COUNT = ?, EXIT_CODE = ?, EXIT_MESSAGE = ?, VERSION = ?, READ_SKIP_COUNT = ?, PROCESS_SKIP_COUNT = ?, WRITE_SKIP_COUNT = ?, ROLLBACK_COUNT = ?, LAST_UPDATED = ? where STEP_EXECUTION_ID = ? and VERSION = ?|UPDATE BATCH_STEP_EXECUTION set START_TIME = '27-Nov-18', END_TIME = NULL, STATUS = 'STARTED', COMMIT_COUNT = 3, READ_COUNT = 30, FILTER_COUNT = 0, WRITE_COUNT = 30, EXIT_CODE = 'EXECUTING', EXIT_MESSAGE = '', VERSION = 4, READ_SKIP_COUNT = 0, PROCESS_SKIP_COUNT = 0, WRITE_SKIP_COUNT = 0, ROLLBACK_COUNT = 0, LAST_UPDATED = '27-Nov-18' where STEP_EXECUTION_ID = 1 and VERSION = 3
1543308521601|0|statement|connection 3|SELECT VERSION FROM BATCH_JOB_EXECUTION WHERE JOB_EXECUTION_ID=?|SELECT VERSION FROM BATCH_JOB_EXECUTION WHERE JOB_EXECUTION_ID=1
1543308521602|0|statement|connection 3|insert into customer (first_name, last_name, id) values (?, ?, ?)|insert into customer (first_name, last_name, id) values ('foo2', 'foo2', 2)
1543308521602|0|statement|connection 3|insert into customer (first_name, last_name, id) values (?, ?, ?)|insert into customer (first_name, last_name, id) values ('foo8', 'foo8', 8)
1543308521602|0|statement|connection 3|insert into customer (first_name, last_name, id) values (?, ?, ?)|insert into customer (first_name, last_name, id) values ('foo14', 'foo14', 12)
1543308521602|0|statement|connection 3|insert into customer (first_name, last_name, id) values (?, ?, ?)|insert into customer (first_name, last_name, id) values ('foo20', 'foo20', 16)
1543308521602|0|statement|connection 3|insert into customer (first_name, last_name, id) values (?, ?, ?)|insert into customer (first_name, last_name, id) values ('foo25', 'foo25', 20)
1543308521603|0|statement|connection 3|insert into customer (first_name, last_name, id) values (?, ?, ?)|insert into customer (first_name, last_name, id) values ('foo30', 'foo30', 24)
1543308521603|0|statement|connection 3|insert into customer (first_name, last_name, id) values (?, ?, ?)|insert into customer (first_name, last_name, id) values ('foo33', 'foo33', 28)
1543308521603|0|statement|connection 3|insert into customer (first_name, last_name, id) values (?, ?, ?)|insert into customer (first_name, last_name, id) values ('foo38', 'foo38', 32)
1543308521603|0|statement|connection 3|insert into customer (first_name, last_name, id) values (?, ?, ?)|insert into customer (first_name, last_name, id) values ('foo39', 'foo39', 35)
1543308521603|0|statement|connection 3|insert into customer (first_name, last_name, id) values (?, ?, ?)|insert into customer (first_name, last_name, id) values ('foo40', 'foo40', 39)
1543308521604|0|commit|connection 3||
1543308521604|0|statement|connection 0|UPDATE BATCH_STEP_EXECUTION_CONTEXT SET SHORT_CONTEXT = ?, SERIALIZED_CONTEXT = ? WHERE STEP_EXECUTION_ID = ?|UPDATE BATCH_STEP_EXECUTION_CONTEXT SET SHORT_CONTEXT = '{"batch.taskletType":"org.springframework.batch.core.step.item.ChunkOrientedTasklet","batch.stepType":"org.springframework.batch.core.step.tasklet.TaskletStep"}', SERIALIZED_CONTEXT = NULL WHERE STEP_EXECUTION_ID = 1
1543308521605|0|statement|connection 0|UPDATE BATCH_STEP_EXECUTION set START_TIME = ?, END_TIME = ?, STATUS = ?, COMMIT_COUNT = ?, READ_COUNT = ?, FILTER_COUNT = ?, WRITE_COUNT = ?, EXIT_CODE = ?, EXIT_MESSAGE = ?, VERSION = ?, READ_SKIP_COUNT = ?, PROCESS_SKIP_COUNT = ?, WRITE_SKIP_COUNT = ?, ROLLBACK_COUNT = ?, LAST_UPDATED = ? where STEP_EXECUTION_ID = ? and VERSION = ?|UPDATE BATCH_STEP_EXECUTION set START_TIME = '27-Nov-18', END_TIME = NULL, STATUS = 'STARTED', COMMIT_COUNT = 4, READ_COUNT = 40, FILTER_COUNT = 0, WRITE_COUNT = 40, EXIT_CODE = 'EXECUTING', EXIT_MESSAGE = '', VERSION = 5, READ_SKIP_COUNT = 0, PROCESS_SKIP_COUNT = 0, WRITE_SKIP_COUNT = 0, ROLLBACK_COUNT = 0, LAST_UPDATED = '27-Nov-18' where STEP_EXECUTION_ID = 1 and VERSION = 4
1543308521605|0|statement|connection 0|SELECT VERSION FROM BATCH_JOB_EXECUTION WHERE JOB_EXECUTION_ID=?|SELECT VERSION FROM BATCH_JOB_EXECUTION WHERE JOB_EXECUTION_ID=1
1543308521606|0|statement|connection 0|insert into customer (first_name, last_name, id) values (?, ?, ?)|insert into customer (first_name, last_name, id) values ('foo4', 'foo4', 4)
1543308521606|0|statement|connection 0|insert into customer (first_name, last_name, id) values (?, ?, ?)|insert into customer (first_name, last_name, id) values ('foo5', 'foo5', 6)
1543308521606|0|statement|connection 0|insert into customer (first_name, last_name, id) values (?, ?, ?)|insert into customer (first_name, last_name, id) values ('foo9', 'foo9', 11)
1543308521606|0|statement|connection 0|insert into customer (first_name, last_name, id) values (?, ?, ?)|insert into customer (first_name, last_name, id) values ('foo11', 'foo11', 14)
1543308521606|0|statement|connection 0|insert into customer (first_name, last_name, id) values (?, ?, ?)|insert into customer (first_name, last_name, id) values ('foo15', 'foo15', 18)
1543308521607|0|statement|connection 0|insert into customer (first_name, last_name, id) values (?, ?, ?)|insert into customer (first_name, last_name, id) values ('foo18', 'foo18', 23)
1543308521607|0|statement|connection 0|insert into customer (first_name, last_name, id) values (?, ?, ?)|insert into customer (first_name, last_name, id) values ('foo22', 'foo22', 27)
1543308521607|0|statement|connection 0|insert into customer (first_name, last_name, id) values (?, ?, ?)|insert into customer (first_name, last_name, id) values ('foo26', 'foo26', 31)
1543308521607|0|statement|connection 0|insert into customer (first_name, last_name, id) values (?, ?, ?)|insert into customer (first_name, last_name, id) values ('foo29', 'foo29', 36)
1543308521607|0|statement|connection 0|insert into customer (first_name, last_name, id) values (?, ?, ?)|insert into customer (first_name, last_name, id) values ('foo32', 'foo32', 40)
1543308521608|0|commit|connection 0||
1543308522602|0|statement|connection 2|call next value for hibernate_sequence|call next value for hibernate_sequence
1543308522602|0|statement|connection 2|call next value for hibernate_sequence|call next value for hibernate_sequence
1543308522603|0|statement|connection 2|call next value for hibernate_sequence|call next value for hibernate_sequence
1543308522604|0|statement|connection 2|call next value for hibernate_sequence|call next value for hibernate_sequence
1543308522604|0|statement|connection 2|call next value for hibernate_sequence|call next value for hibernate_sequence
1543308522604|0|statement|connection 2|call next value for hibernate_sequence|call next value for hibernate_sequence
1543308522605|0|statement|connection 1|call next value for hibernate_sequence|call next value for hibernate_sequence
1543308522605|0|statement|connection 2|call next value for hibernate_sequence|call next value for hibernate_sequence
1543308522605|0|statement|connection 1|call next value for hibernate_sequence|call next value for hibernate_sequence
1543308522605|0|statement|connection 2|call next value for hibernate_sequence|call next value for hibernate_sequence
1543308522606|0|statement|connection 1|call next value for hibernate_sequence|call next value for hibernate_sequence
1543308522606|0|statement|connection 2|call next value for hibernate_sequence|call next value for hibernate_sequence
1543308522606|0|statement|connection 1|call next value for hibernate_sequence|call next value for hibernate_sequence
1543308522606|0|statement|connection 2|call next value for hibernate_sequence|call next value for hibernate_sequence
1543308522606|0|statement|connection 1|call next value for hibernate_sequence|call next value for hibernate_sequence
1543308522607|0|statement|connection 1|call next value for hibernate_sequence|call next value for hibernate_sequence
1543308522607|0|statement|connection 2|UPDATE BATCH_STEP_EXECUTION_CONTEXT SET SHORT_CONTEXT = ?, SERIALIZED_CONTEXT = ? WHERE STEP_EXECUTION_ID = ?|UPDATE BATCH_STEP_EXECUTION_CONTEXT SET SHORT_CONTEXT = '{"batch.taskletType":"org.springframework.batch.core.step.item.ChunkOrientedTasklet","batch.stepType":"org.springframework.batch.core.step.tasklet.TaskletStep"}', SERIALIZED_CONTEXT = NULL WHERE STEP_EXECUTION_ID = 1
1543308522608|0|statement|connection 3|call next value for hibernate_sequence|call next value for hibernate_sequence
1543308522608|0|statement|connection 1|call next value for hibernate_sequence|call next value for hibernate_sequence
1543308522608|0|statement|connection 2|UPDATE BATCH_STEP_EXECUTION set START_TIME = ?, END_TIME = ?, STATUS = ?, COMMIT_COUNT = ?, READ_COUNT = ?, FILTER_COUNT = ?, WRITE_COUNT = ?, EXIT_CODE = ?, EXIT_MESSAGE = ?, VERSION = ?, READ_SKIP_COUNT = ?, PROCESS_SKIP_COUNT = ?, WRITE_SKIP_COUNT = ?, ROLLBACK_COUNT = ?, LAST_UPDATED = ? where STEP_EXECUTION_ID = ? and VERSION = ?|UPDATE BATCH_STEP_EXECUTION set START_TIME = '27-Nov-18', END_TIME = NULL, STATUS = 'STARTED', COMMIT_COUNT = 5, READ_COUNT = 50, FILTER_COUNT = 0, WRITE_COUNT = 50, EXIT_CODE = 'EXECUTING', EXIT_MESSAGE = '', VERSION = 6, READ_SKIP_COUNT = 0, PROCESS_SKIP_COUNT = 0, WRITE_SKIP_COUNT = 0, ROLLBACK_COUNT = 0, LAST_UPDATED = '27-Nov-18' where STEP_EXECUTION_ID = 1 and VERSION = 5
1543308522608|0|statement|connection 2|SELECT VERSION FROM BATCH_JOB_EXECUTION WHERE JOB_EXECUTION_ID=?|SELECT VERSION FROM BATCH_JOB_EXECUTION WHERE JOB_EXECUTION_ID=1
1543308522608|0|statement|connection 1|call next value for hibernate_sequence|call next value for hibernate_sequence
1543308522608|0|statement|connection 3|call next value for hibernate_sequence|call next value for hibernate_sequence
1543308522609|0|statement|connection 1|call next value for hibernate_sequence|call next value for hibernate_sequence
1543308522609|0|statement|connection 2|insert into customer (first_name, last_name, id) values (?, ?, ?)|insert into customer (first_name, last_name, id) values ('foo41', 'foo41', 41)
1543308522609|0|statement|connection 3|call next value for hibernate_sequence|call next value for hibernate_sequence
1543308522609|0|statement|connection 2|insert into customer (first_name, last_name, id) values (?, ?, ?)|insert into customer (first_name, last_name, id) values ('foo42', 'foo42', 42)
1543308522609|0|statement|connection 1|call next value for hibernate_sequence|call next value for hibernate_sequence
1543308522609|0|statement|connection 0|call next value for hibernate_sequence|call next value for hibernate_sequence
1543308522609|0|statement|connection 2|insert into customer (first_name, last_name, id) values (?, ?, ?)|insert into customer (first_name, last_name, id) values ('foo43', 'foo43', 43)
1543308522610|0|statement|connection 3|call next value for hibernate_sequence|call next value for hibernate_sequence
1543308522610|0|statement|connection 0|call next value for hibernate_sequence|call next value for hibernate_sequence
1543308522610|0|statement|connection 2|insert into customer (first_name, last_name, id) values (?, ?, ?)|insert into customer (first_name, last_name, id) values ('foo44', 'foo44', 44)
1543308522610|0|statement|connection 2|insert into customer (first_name, last_name, id) values (?, ?, ?)|insert into customer (first_name, last_name, id) values ('foo45', 'foo45', 45)
1543308522610|0|statement|connection 3|call next value for hibernate_sequence|call next value for hibernate_sequence
1543308522610|0|statement|connection 0|call next value for hibernate_sequence|call next value for hibernate_sequence
1543308522610|0|statement|connection 2|insert into customer (first_name, last_name, id) values (?, ?, ?)|insert into customer (first_name, last_name, id) values ('foo46', 'foo46', 46)
1543308522611|0|statement|connection 3|call next value for hibernate_sequence|call next value for hibernate_sequence
1543308522611|0|statement|connection 0|call next value for hibernate_sequence|call next value for hibernate_sequence
1543308522611|0|statement|connection 2|insert into customer (first_name, last_name, id) values (?, ?, ?)|insert into customer (first_name, last_name, id) values ('foo47', 'foo47', 48)
1543308522611|0|statement|connection 2|insert into customer (first_name, last_name, id) values (?, ?, ?)|insert into customer (first_name, last_name, id) values ('foo48', 'foo48', 50)
1543308522611|0|statement|connection 0|call next value for hibernate_sequence|call next value for hibernate_sequence
1543308522611|0|statement|connection 2|insert into customer (first_name, last_name, id) values (?, ?, ?)|insert into customer (first_name, last_name, id) values ('foo49', 'foo49', 52)
1543308522619|6|statement|connection 2|insert into customer (first_name, last_name, id) values (?, ?, ?)|insert into customer (first_name, last_name, id) values ('foo50', 'foo50', 54)
1543308522619|6|statement|connection 3|call next value for hibernate_sequence|call next value for hibernate_sequence
1543308522619|6|statement|connection 0|call next value for hibernate_sequence|call next value for hibernate_sequence
1543308522619|0|commit|connection 2||
1543308522620|0|statement|connection 3|call next value for hibernate_sequence|call next value for hibernate_sequence
1543308522620|0|statement|connection 0|call next value for hibernate_sequence|call next value for hibernate_sequence
1543308522620|0|statement|connection 1|UPDATE BATCH_STEP_EXECUTION_CONTEXT SET SHORT_CONTEXT = ?, SERIALIZED_CONTEXT = ? WHERE STEP_EXECUTION_ID = ?|UPDATE BATCH_STEP_EXECUTION_CONTEXT SET SHORT_CONTEXT = '{"batch.taskletType":"org.springframework.batch.core.step.item.ChunkOrientedTasklet","batch.stepType":"org.springframework.batch.core.step.tasklet.TaskletStep"}', SERIALIZED_CONTEXT = NULL WHERE STEP_EXECUTION_ID = 1
1543308522621|0|statement|connection 3|call next value for hibernate_sequence|call next value for hibernate_sequence
1543308522621|0|statement|connection 0|call next value for hibernate_sequence|call next value for hibernate_sequence
1543308522621|0|statement|connection 3|call next value for hibernate_sequence|call next value for hibernate_sequence
1543308522621|0|statement|connection 0|call next value for hibernate_sequence|call next value for hibernate_sequence
1543308522621|0|statement|connection 1|UPDATE BATCH_STEP_EXECUTION set START_TIME = ?, END_TIME = ?, STATUS = ?, COMMIT_COUNT = ?, READ_COUNT = ?, FILTER_COUNT = ?, WRITE_COUNT = ?, EXIT_CODE = ?, EXIT_MESSAGE = ?, VERSION = ?, READ_SKIP_COUNT = ?, PROCESS_SKIP_COUNT = ?, WRITE_SKIP_COUNT = ?, ROLLBACK_COUNT = ?, LAST_UPDATED = ? where STEP_EXECUTION_ID = ? and VERSION = ?|UPDATE BATCH_STEP_EXECUTION set START_TIME = '27-Nov-18', END_TIME = NULL, STATUS = 'STARTED', COMMIT_COUNT = 6, READ_COUNT = 60, FILTER_COUNT = 0, WRITE_COUNT = 60, EXIT_CODE = 'EXECUTING', EXIT_MESSAGE = '', VERSION = 7, READ_SKIP_COUNT = 0, PROCESS_SKIP_COUNT = 0, WRITE_SKIP_COUNT = 0, ROLLBACK_COUNT = 0, LAST_UPDATED = '27-Nov-18' where STEP_EXECUTION_ID = 1 and VERSION = 6
1543308522622|0|statement|connection 1|SELECT VERSION FROM BATCH_JOB_EXECUTION WHERE JOB_EXECUTION_ID=?|SELECT VERSION FROM BATCH_JOB_EXECUTION WHERE JOB_EXECUTION_ID=1
1543308522622|0|statement|connection 0|call next value for hibernate_sequence|call next value for hibernate_sequence
1543308522622|0|statement|connection 1|insert into customer (first_name, last_name, id) values (?, ?, ?)|insert into customer (first_name, last_name, id) values ('foo51', 'foo51', 47)
1543308522623|0|statement|connection 1|insert into customer (first_name, last_name, id) values (?, ?, ?)|insert into customer (first_name, last_name, id) values ('foo52', 'foo52', 49)
1543308522623|0|statement|connection 1|insert into customer (first_name, last_name, id) values (?, ?, ?)|insert into customer (first_name, last_name, id) values ('foo53', 'foo53', 51)
1543308522623|0|statement|connection 1|insert into customer (first_name, last_name, id) values (?, ?, ?)|insert into customer (first_name, last_name, id) values ('foo54', 'foo54', 53)
1543308522623|0|statement|connection 1|insert into customer (first_name, last_name, id) values (?, ?, ?)|insert into customer (first_name, last_name, id) values ('foo55', 'foo55', 55)
1543308522624|0|statement|connection 1|insert into customer (first_name, last_name, id) values (?, ?, ?)|insert into customer (first_name, last_name, id) values ('foo56', 'foo56', 56)
1543308522624|0|statement|connection 1|insert into customer (first_name, last_name, id) values (?, ?, ?)|insert into customer (first_name, last_name, id) values ('foo57', 'foo57', 58)
1543308522624|0|statement|connection 1|insert into customer (first_name, last_name, id) values (?, ?, ?)|insert into customer (first_name, last_name, id) values ('foo58', 'foo58', 59)
1543308522624|0|statement|connection 1|insert into customer (first_name, last_name, id) values (?, ?, ?)|insert into customer (first_name, last_name, id) values ('foo59', 'foo59', 61)
1543308522624|0|statement|connection 1|insert into customer (first_name, last_name, id) values (?, ?, ?)|insert into customer (first_name, last_name, id) values ('foo60', 'foo60', 63)
1543308522625|0|commit|connection 1||
1543308522626|0|statement|connection 3|UPDATE BATCH_STEP_EXECUTION_CONTEXT SET SHORT_CONTEXT = ?, SERIALIZED_CONTEXT = ? WHERE STEP_EXECUTION_ID = ?|UPDATE BATCH_STEP_EXECUTION_CONTEXT SET SHORT_CONTEXT = '{"batch.taskletType":"org.springframework.batch.core.step.item.ChunkOrientedTasklet","batch.stepType":"org.springframework.batch.core.step.tasklet.TaskletStep"}', SERIALIZED_CONTEXT = NULL WHERE STEP_EXECUTION_ID = 1
1543308522627|0|statement|connection 3|UPDATE BATCH_STEP_EXECUTION set START_TIME = ?, END_TIME = ?, STATUS = ?, COMMIT_COUNT = ?, READ_COUNT = ?, FILTER_COUNT = ?, WRITE_COUNT = ?, EXIT_CODE = ?, EXIT_MESSAGE = ?, VERSION = ?, READ_SKIP_COUNT = ?, PROCESS_SKIP_COUNT = ?, WRITE_SKIP_COUNT = ?, ROLLBACK_COUNT = ?, LAST_UPDATED = ? where STEP_EXECUTION_ID = ? and VERSION = ?|UPDATE BATCH_STEP_EXECUTION set START_TIME = '27-Nov-18', END_TIME = NULL, STATUS = 'STARTED', COMMIT_COUNT = 7, READ_COUNT = 70, FILTER_COUNT = 0, WRITE_COUNT = 70, EXIT_CODE = 'EXECUTING', EXIT_MESSAGE = '', VERSION = 8, READ_SKIP_COUNT = 0, PROCESS_SKIP_COUNT = 0, WRITE_SKIP_COUNT = 0, ROLLBACK_COUNT = 0, LAST_UPDATED = '27-Nov-18' where STEP_EXECUTION_ID = 1 and VERSION = 7
1543308522627|0|statement|connection 3|SELECT VERSION FROM BATCH_JOB_EXECUTION WHERE JOB_EXECUTION_ID=?|SELECT VERSION FROM BATCH_JOB_EXECUTION WHERE JOB_EXECUTION_ID=1
1543308522627|0|statement|connection 3|insert into customer (first_name, last_name, id) values (?, ?, ?)|insert into customer (first_name, last_name, id) values ('foo61', 'foo61', 57)
1543308522628|0|statement|connection 3|insert into customer (first_name, last_name, id) values (?, ?, ?)|insert into customer (first_name, last_name, id) values ('foo62', 'foo62', 60)
1543308522628|0|statement|connection 3|insert into customer (first_name, last_name, id) values (?, ?, ?)|insert into customer (first_name, last_name, id) values ('foo63', 'foo63', 62)
1543308522628|0|statement|connection 3|insert into customer (first_name, last_name, id) values (?, ?, ?)|insert into customer (first_name, last_name, id) values ('foo64', 'foo64', 65)
1543308522628|0|statement|connection 3|insert into customer (first_name, last_name, id) values (?, ?, ?)|insert into customer (first_name, last_name, id) values ('foo65', 'foo65', 67)
1543308522629|0|statement|connection 3|insert into customer (first_name, last_name, id) values (?, ?, ?)|insert into customer (first_name, last_name, id) values ('foo66', 'foo66', 69)
1543308522629|0|statement|connection 3|insert into customer (first_name, last_name, id) values (?, ?, ?)|insert into customer (first_name, last_name, id) values ('foo67', 'foo67', 73)
1543308522629|0|statement|connection 3|insert into customer (first_name, last_name, id) values (?, ?, ?)|insert into customer (first_name, last_name, id) values ('foo68', 'foo68', 74)
1543308522629|0|statement|connection 3|insert into customer (first_name, last_name, id) values (?, ?, ?)|insert into customer (first_name, last_name, id) values ('foo69', 'foo69', 76)
1543308522629|0|statement|connection 3|insert into customer (first_name, last_name, id) values (?, ?, ?)|insert into customer (first_name, last_name, id) values ('foo70', 'foo70', 78)
1543308522630|0|commit|connection 3||
1543308522630|0|statement|connection 0|UPDATE BATCH_STEP_EXECUTION_CONTEXT SET SHORT_CONTEXT = ?, SERIALIZED_CONTEXT = ? WHERE STEP_EXECUTION_ID = ?|UPDATE BATCH_STEP_EXECUTION_CONTEXT SET SHORT_CONTEXT = '{"batch.taskletType":"org.springframework.batch.core.step.item.ChunkOrientedTasklet","batch.stepType":"org.springframework.batch.core.step.tasklet.TaskletStep"}', SERIALIZED_CONTEXT = NULL WHERE STEP_EXECUTION_ID = 1
1543308522631|0|statement|connection 0|UPDATE BATCH_STEP_EXECUTION set START_TIME = ?, END_TIME = ?, STATUS = ?, COMMIT_COUNT = ?, READ_COUNT = ?, FILTER_COUNT = ?, WRITE_COUNT = ?, EXIT_CODE = ?, EXIT_MESSAGE = ?, VERSION = ?, READ_SKIP_COUNT = ?, PROCESS_SKIP_COUNT = ?, WRITE_SKIP_COUNT = ?, ROLLBACK_COUNT = ?, LAST_UPDATED = ? where STEP_EXECUTION_ID = ? and VERSION = ?|UPDATE BATCH_STEP_EXECUTION set START_TIME = '27-Nov-18', END_TIME = NULL, STATUS = 'STARTED', COMMIT_COUNT = 8, READ_COUNT = 80, FILTER_COUNT = 0, WRITE_COUNT = 80, EXIT_CODE = 'EXECUTING', EXIT_MESSAGE = '', VERSION = 9, READ_SKIP_COUNT = 0, PROCESS_SKIP_COUNT = 0, WRITE_SKIP_COUNT = 0, ROLLBACK_COUNT = 0, LAST_UPDATED = '27-Nov-18' where STEP_EXECUTION_ID = 1 and VERSION = 8
1543308522631|0|statement|connection 0|SELECT VERSION FROM BATCH_JOB_EXECUTION WHERE JOB_EXECUTION_ID=?|SELECT VERSION FROM BATCH_JOB_EXECUTION WHERE JOB_EXECUTION_ID=1
1543308522632|0|statement|connection 0|insert into customer (first_name, last_name, id) values (?, ?, ?)|insert into customer (first_name, last_name, id) values ('foo71', 'foo71', 64)
1543308522632|0|statement|connection 0|insert into customer (first_name, last_name, id) values (?, ?, ?)|insert into customer (first_name, last_name, id) values ('foo72', 'foo72', 66)
1543308522632|0|statement|connection 0|insert into customer (first_name, last_name, id) values (?, ?, ?)|insert into customer (first_name, last_name, id) values ('foo73', 'foo73', 68)
1543308522632|0|statement|connection 0|insert into customer (first_name, last_name, id) values (?, ?, ?)|insert into customer (first_name, last_name, id) values ('foo74', 'foo74', 70)
1543308522633|0|statement|connection 0|insert into customer (first_name, last_name, id) values (?, ?, ?)|insert into customer (first_name, last_name, id) values ('foo75', 'foo75', 71)
1543308522633|0|statement|connection 0|insert into customer (first_name, last_name, id) values (?, ?, ?)|insert into customer (first_name, last_name, id) values ('foo76', 'foo76', 72)
1543308522633|0|statement|connection 0|insert into customer (first_name, last_name, id) values (?, ?, ?)|insert into customer (first_name, last_name, id) values ('foo77', 'foo77', 75)
1543308522633|0|statement|connection 0|insert into customer (first_name, last_name, id) values (?, ?, ?)|insert into customer (first_name, last_name, id) values ('foo78', 'foo78', 77)
1543308522633|0|statement|connection 0|insert into customer (first_name, last_name, id) values (?, ?, ?)|insert into customer (first_name, last_name, id) values ('foo79', 'foo79', 79)
1543308522634|0|statement|connection 0|insert into customer (first_name, last_name, id) values (?, ?, ?)|insert into customer (first_name, last_name, id) values ('foo80', 'foo80', 80)
1543308522634|0|commit|connection 0||
1543308522634|0|statement|connection 3|UPDATE BATCH_STEP_EXECUTION_CONTEXT SET SHORT_CONTEXT = ?, SERIALIZED_CONTEXT = ? WHERE STEP_EXECUTION_ID = ?|UPDATE BATCH_STEP_EXECUTION_CONTEXT SET SHORT_CONTEXT = '{"batch.taskletType":"org.springframework.batch.core.step.item.ChunkOrientedTasklet","batch.stepType":"org.springframework.batch.core.step.tasklet.TaskletStep"}', SERIALIZED_CONTEXT = NULL WHERE STEP_EXECUTION_ID = 1
1543308522635|0|statement|connection 3|UPDATE BATCH_STEP_EXECUTION set START_TIME = ?, END_TIME = ?, STATUS = ?, COMMIT_COUNT = ?, READ_COUNT = ?, FILTER_COUNT = ?, WRITE_COUNT = ?, EXIT_CODE = ?, EXIT_MESSAGE = ?, VERSION = ?, READ_SKIP_COUNT = ?, PROCESS_SKIP_COUNT = ?, WRITE_SKIP_COUNT = ?, ROLLBACK_COUNT = ?, LAST_UPDATED = ? where STEP_EXECUTION_ID = ? and VERSION = ?|UPDATE BATCH_STEP_EXECUTION set START_TIME = '27-Nov-18', END_TIME = NULL, STATUS = 'STARTED', COMMIT_COUNT = 9, READ_COUNT = 80, FILTER_COUNT = 0, WRITE_COUNT = 80, EXIT_CODE = 'EXECUTING', EXIT_MESSAGE = '', VERSION = 10, READ_SKIP_COUNT = 0, PROCESS_SKIP_COUNT = 0, WRITE_SKIP_COUNT = 0, ROLLBACK_COUNT = 0, LAST_UPDATED = '27-Nov-18' where STEP_EXECUTION_ID = 1 and VERSION = 9
1543308522635|0|statement|connection 3|SELECT VERSION FROM BATCH_JOB_EXECUTION WHERE JOB_EXECUTION_ID=?|SELECT VERSION FROM BATCH_JOB_EXECUTION WHERE JOB_EXECUTION_ID=1
1543308522635|0|commit|connection 3||
1543308522636|0|statement|connection 0|UPDATE BATCH_STEP_EXECUTION_CONTEXT SET SHORT_CONTEXT = ?, SERIALIZED_CONTEXT = ? WHERE STEP_EXECUTION_ID = ?|UPDATE BATCH_STEP_EXECUTION_CONTEXT SET SHORT_CONTEXT = '{"batch.taskletType":"org.springframework.batch.core.step.item.ChunkOrientedTasklet","batch.stepType":"org.springframework.batch.core.step.tasklet.TaskletStep"}', SERIALIZED_CONTEXT = NULL WHERE STEP_EXECUTION_ID = 1
1543308522636|0|statement|connection 0|UPDATE BATCH_STEP_EXECUTION set START_TIME = ?, END_TIME = ?, STATUS = ?, COMMIT_COUNT = ?, READ_COUNT = ?, FILTER_COUNT = ?, WRITE_COUNT = ?, EXIT_CODE = ?, EXIT_MESSAGE = ?, VERSION = ?, READ_SKIP_COUNT = ?, PROCESS_SKIP_COUNT = ?, WRITE_SKIP_COUNT = ?, ROLLBACK_COUNT = ?, LAST_UPDATED = ? where STEP_EXECUTION_ID = ? and VERSION = ?|UPDATE BATCH_STEP_EXECUTION set START_TIME = '27-Nov-18', END_TIME = NULL, STATUS = 'STARTED', COMMIT_COUNT = 10, READ_COUNT = 80, FILTER_COUNT = 0, WRITE_COUNT = 80, EXIT_CODE = 'EXECUTING', EXIT_MESSAGE = '', VERSION = 11, READ_SKIP_COUNT = 0, PROCESS_SKIP_COUNT = 0, WRITE_SKIP_COUNT = 0, ROLLBACK_COUNT = 0, LAST_UPDATED = '27-Nov-18' where STEP_EXECUTION_ID = 1 and VERSION = 10
1543308522637|0|statement|connection 0|SELECT VERSION FROM BATCH_JOB_EXECUTION WHERE JOB_EXECUTION_ID=?|SELECT VERSION FROM BATCH_JOB_EXECUTION WHERE JOB_EXECUTION_ID=1
1543308522637|0|commit|connection 0||
1543308522637|0|statement|connection 3|UPDATE BATCH_STEP_EXECUTION_CONTEXT SET SHORT_CONTEXT = ?, SERIALIZED_CONTEXT = ? WHERE STEP_EXECUTION_ID = ?|UPDATE BATCH_STEP_EXECUTION_CONTEXT SET SHORT_CONTEXT = '{"batch.taskletType":"org.springframework.batch.core.step.item.ChunkOrientedTasklet","batch.stepType":"org.springframework.batch.core.step.tasklet.TaskletStep"}', SERIALIZED_CONTEXT = NULL WHERE STEP_EXECUTION_ID = 1
1543308522639|0|statement|connection 3|UPDATE BATCH_STEP_EXECUTION set START_TIME = ?, END_TIME = ?, STATUS = ?, COMMIT_COUNT = ?, READ_COUNT = ?, FILTER_COUNT = ?, WRITE_COUNT = ?, EXIT_CODE = ?, EXIT_MESSAGE = ?, VERSION = ?, READ_SKIP_COUNT = ?, PROCESS_SKIP_COUNT = ?, WRITE_SKIP_COUNT = ?, ROLLBACK_COUNT = ?, LAST_UPDATED = ? where STEP_EXECUTION_ID = ? and VERSION = ?|UPDATE BATCH_STEP_EXECUTION set START_TIME = '27-Nov-18', END_TIME = NULL, STATUS = 'STARTED', COMMIT_COUNT = 11, READ_COUNT = 80, FILTER_COUNT = 0, WRITE_COUNT = 80, EXIT_CODE = 'EXECUTING', EXIT_MESSAGE = '', VERSION = 12, READ_SKIP_COUNT = 0, PROCESS_SKIP_COUNT = 0, WRITE_SKIP_COUNT = 0, ROLLBACK_COUNT = 0, LAST_UPDATED = '27-Nov-18' where STEP_EXECUTION_ID = 1 and VERSION = 11
1543308522639|0|statement|connection 3|SELECT VERSION FROM BATCH_JOB_EXECUTION WHERE JOB_EXECUTION_ID=?|SELECT VERSION FROM BATCH_JOB_EXECUTION WHERE JOB_EXECUTION_ID=1
1543308522639|0|commit|connection 3||
1543308523627|0|statement|connection 2|call next value for hibernate_sequence|call next value for hibernate_sequence
1543308523627|0|statement|connection 1|call next value for hibernate_sequence|call next value for hibernate_sequence
1543308523628|0|statement|connection 2|call next value for hibernate_sequence|call next value for hibernate_sequence
1543308523628|0|statement|connection 1|call next value for hibernate_sequence|call next value for hibernate_sequence
1543308523628|0|statement|connection 2|call next value for hibernate_sequence|call next value for hibernate_sequence
1543308523628|0|statement|connection 1|call next value for hibernate_sequence|call next value for hibernate_sequence
1543308523629|0|statement|connection 2|call next value for hibernate_sequence|call next value for hibernate_sequence
1543308523629|0|statement|connection 1|call next value for hibernate_sequence|call next value for hibernate_sequence
1543308523629|0|statement|connection 2|call next value for hibernate_sequence|call next value for hibernate_sequence
1543308523629|0|statement|connection 1|call next value for hibernate_sequence|call next value for hibernate_sequence
1543308523630|0|statement|connection 2|call next value for hibernate_sequence|call next value for hibernate_sequence
1543308523630|0|statement|connection 1|call next value for hibernate_sequence|call next value for hibernate_sequence
1543308523630|0|statement|connection 2|call next value for hibernate_sequence|call next value for hibernate_sequence
1543308523630|0|statement|connection 1|call next value for hibernate_sequence|call next value for hibernate_sequence
1543308523631|0|statement|connection 2|call next value for hibernate_sequence|call next value for hibernate_sequence
1543308523631|0|statement|connection 2|call next value for hibernate_sequence|call next value for hibernate_sequence
1543308523631|0|statement|connection 1|call next value for hibernate_sequence|call next value for hibernate_sequence
1543308523632|0|statement|connection 2|call next value for hibernate_sequence|call next value for hibernate_sequence
1543308523632|0|statement|connection 1|call next value for hibernate_sequence|call next value for hibernate_sequence
1543308523632|0|statement|connection 1|call next value for hibernate_sequence|call next value for hibernate_sequence
1543308523632|0|statement|connection 2|UPDATE BATCH_STEP_EXECUTION_CONTEXT SET SHORT_CONTEXT = ?, SERIALIZED_CONTEXT = ? WHERE STEP_EXECUTION_ID = ?|UPDATE BATCH_STEP_EXECUTION_CONTEXT SET SHORT_CONTEXT = '{"batch.taskletType":"org.springframework.batch.core.step.item.ChunkOrientedTasklet","batch.stepType":"org.springframework.batch.core.step.tasklet.TaskletStep"}', SERIALIZED_CONTEXT = NULL WHERE STEP_EXECUTION_ID = 1
1543308523633|0|statement|connection 2|UPDATE BATCH_STEP_EXECUTION set START_TIME = ?, END_TIME = ?, STATUS = ?, COMMIT_COUNT = ?, READ_COUNT = ?, FILTER_COUNT = ?, WRITE_COUNT = ?, EXIT_CODE = ?, EXIT_MESSAGE = ?, VERSION = ?, READ_SKIP_COUNT = ?, PROCESS_SKIP_COUNT = ?, WRITE_SKIP_COUNT = ?, ROLLBACK_COUNT = ?, LAST_UPDATED = ? where STEP_EXECUTION_ID = ? and VERSION = ?|UPDATE BATCH_STEP_EXECUTION set START_TIME = '27-Nov-18', END_TIME = NULL, STATUS = 'STARTED', COMMIT_COUNT = 12, READ_COUNT = 90, FILTER_COUNT = 0, WRITE_COUNT = 90, EXIT_CODE = 'EXECUTING', EXIT_MESSAGE = '', VERSION = 13, READ_SKIP_COUNT = 0, PROCESS_SKIP_COUNT = 0, WRITE_SKIP_COUNT = 0, ROLLBACK_COUNT = 0, LAST_UPDATED = '27-Nov-18' where STEP_EXECUTION_ID = 1 and VERSION = 12
1543308523633|0|statement|connection 2|SELECT VERSION FROM BATCH_JOB_EXECUTION WHERE JOB_EXECUTION_ID=?|SELECT VERSION FROM BATCH_JOB_EXECUTION WHERE JOB_EXECUTION_ID=1
1543308523634|0|statement|connection 2|insert into customer (first_name, last_name, id) values (?, ?, ?)|insert into customer (first_name, last_name, id) values ('foo81', 'foo81', 81)
1543308523634|0|statement|connection 2|insert into customer (first_name, last_name, id) values (?, ?, ?)|insert into customer (first_name, last_name, id) values ('foo82', 'foo82', 83)
1543308523634|0|statement|connection 2|insert into customer (first_name, last_name, id) values (?, ?, ?)|insert into customer (first_name, last_name, id) values ('foo83', 'foo83', 85)
1543308523635|0|statement|connection 2|insert into customer (first_name, last_name, id) values (?, ?, ?)|insert into customer (first_name, last_name, id) values ('foo84', 'foo84', 87)
1543308523635|0|statement|connection 2|insert into customer (first_name, last_name, id) values (?, ?, ?)|insert into customer (first_name, last_name, id) values ('foo85', 'foo85', 89)
1543308523635|0|statement|connection 2|insert into customer (first_name, last_name, id) values (?, ?, ?)|insert into customer (first_name, last_name, id) values ('foo86', 'foo86', 91)
1543308523635|0|statement|connection 2|insert into customer (first_name, last_name, id) values (?, ?, ?)|insert into customer (first_name, last_name, id) values ('foo87', 'foo87', 93)
1543308523636|0|statement|connection 2|insert into customer (first_name, last_name, id) values (?, ?, ?)|insert into customer (first_name, last_name, id) values ('foo88', 'foo88', 95)
1543308523636|0|statement|connection 2|insert into customer (first_name, last_name, id) values (?, ?, ?)|insert into customer (first_name, last_name, id) values ('foo89', 'foo89', 96)
1543308523636|0|statement|connection 2|insert into customer (first_name, last_name, id) values (?, ?, ?)|insert into customer (first_name, last_name, id) values ('foo90', 'foo90', 98)
1543308523636|0|commit|connection 2||
1543308523637|0|statement|connection 1|UPDATE BATCH_STEP_EXECUTION_CONTEXT SET SHORT_CONTEXT = ?, SERIALIZED_CONTEXT = ? WHERE STEP_EXECUTION_ID = ?|UPDATE BATCH_STEP_EXECUTION_CONTEXT SET SHORT_CONTEXT = '{"batch.taskletType":"org.springframework.batch.core.step.item.ChunkOrientedTasklet","batch.stepType":"org.springframework.batch.core.step.tasklet.TaskletStep"}', SERIALIZED_CONTEXT = NULL WHERE STEP_EXECUTION_ID = 1
1543308523637|0|statement|connection 1|UPDATE BATCH_STEP_EXECUTION set START_TIME = ?, END_TIME = ?, STATUS = ?, COMMIT_COUNT = ?, READ_COUNT = ?, FILTER_COUNT = ?, WRITE_COUNT = ?, EXIT_CODE = ?, EXIT_MESSAGE = ?, VERSION = ?, READ_SKIP_COUNT = ?, PROCESS_SKIP_COUNT = ?, WRITE_SKIP_COUNT = ?, ROLLBACK_COUNT = ?, LAST_UPDATED = ? where STEP_EXECUTION_ID = ? and VERSION = ?|UPDATE BATCH_STEP_EXECUTION set START_TIME = '27-Nov-18', END_TIME = NULL, STATUS = 'STARTED', COMMIT_COUNT = 13, READ_COUNT = 100, FILTER_COUNT = 0, WRITE_COUNT = 100, EXIT_CODE = 'EXECUTING', EXIT_MESSAGE = '', VERSION = 14, READ_SKIP_COUNT = 0, PROCESS_SKIP_COUNT = 0, WRITE_SKIP_COUNT = 0, ROLLBACK_COUNT = 0, LAST_UPDATED = '27-Nov-18' where STEP_EXECUTION_ID = 1 and VERSION = 13
1543308523638|0|statement|connection 1|SELECT VERSION FROM BATCH_JOB_EXECUTION WHERE JOB_EXECUTION_ID=?|SELECT VERSION FROM BATCH_JOB_EXECUTION WHERE JOB_EXECUTION_ID=1
1543308523638|0|statement|connection 1|insert into customer (first_name, last_name, id) values (?, ?, ?)|insert into customer (first_name, last_name, id) values ('foo91', 'foo91', 82)
1543308523638|0|statement|connection 1|insert into customer (first_name, last_name, id) values (?, ?, ?)|insert into customer (first_name, last_name, id) values ('foo92', 'foo92', 84)
1543308523639|0|statement|connection 1|insert into customer (first_name, last_name, id) values (?, ?, ?)|insert into customer (first_name, last_name, id) values ('foo93', 'foo93', 86)
1543308523639|0|statement|connection 1|insert into customer (first_name, last_name, id) values (?, ?, ?)|insert into customer (first_name, last_name, id) values ('foo94', 'foo94', 88)
1543308523639|0|statement|connection 1|insert into customer (first_name, last_name, id) values (?, ?, ?)|insert into customer (first_name, last_name, id) values ('foo95', 'foo95', 90)
1543308523639|0|statement|connection 1|insert into customer (first_name, last_name, id) values (?, ?, ?)|insert into customer (first_name, last_name, id) values ('foo96', 'foo96', 92)
1543308523640|0|statement|connection 1|insert into customer (first_name, last_name, id) values (?, ?, ?)|insert into customer (first_name, last_name, id) values ('foo97', 'foo97', 94)
1543308523640|0|statement|connection 1|insert into customer (first_name, last_name, id) values (?, ?, ?)|insert into customer (first_name, last_name, id) values ('foo98', 'foo98', 97)
1543308523640|0|statement|connection 1|insert into customer (first_name, last_name, id) values (?, ?, ?)|insert into customer (first_name, last_name, id) values ('foo99', 'foo99', 99)
1543308523640|0|statement|connection 1|insert into customer (first_name, last_name, id) values (?, ?, ?)|insert into customer (first_name, last_name, id) values ('foo100', 'foo100', 100)
1543308523640|0|commit|connection 1||
1543308523642|0|statement|connection 2|UPDATE BATCH_STEP_EXECUTION_CONTEXT SET SHORT_CONTEXT = ?, SERIALIZED_CONTEXT = ? WHERE STEP_EXECUTION_ID = ?|UPDATE BATCH_STEP_EXECUTION_CONTEXT SET SHORT_CONTEXT = '{"batch.taskletType":"org.springframework.batch.core.step.item.ChunkOrientedTasklet","batch.stepType":"org.springframework.batch.core.step.tasklet.TaskletStep"}', SERIALIZED_CONTEXT = NULL WHERE STEP_EXECUTION_ID = 1
1543308523642|0|statement|connection 2|UPDATE BATCH_STEP_EXECUTION set START_TIME = ?, END_TIME = ?, STATUS = ?, COMMIT_COUNT = ?, READ_COUNT = ?, FILTER_COUNT = ?, WRITE_COUNT = ?, EXIT_CODE = ?, EXIT_MESSAGE = ?, VERSION = ?, READ_SKIP_COUNT = ?, PROCESS_SKIP_COUNT = ?, WRITE_SKIP_COUNT = ?, ROLLBACK_COUNT = ?, LAST_UPDATED = ? where STEP_EXECUTION_ID = ? and VERSION = ?|UPDATE BATCH_STEP_EXECUTION set START_TIME = '27-Nov-18', END_TIME = NULL, STATUS = 'STARTED', COMMIT_COUNT = 14, READ_COUNT = 100, FILTER_COUNT = 0, WRITE_COUNT = 100, EXIT_CODE = 'EXECUTING', EXIT_MESSAGE = '', VERSION = 15, READ_SKIP_COUNT = 0, PROCESS_SKIP_COUNT = 0, WRITE_SKIP_COUNT = 0, ROLLBACK_COUNT = 0, LAST_UPDATED = '27-Nov-18' where STEP_EXECUTION_ID = 1 and VERSION = 14
1543308523642|0|statement|connection 2|SELECT VERSION FROM BATCH_JOB_EXECUTION WHERE JOB_EXECUTION_ID=?|SELECT VERSION FROM BATCH_JOB_EXECUTION WHERE JOB_EXECUTION_ID=1
1543308523643|0|commit|connection 2||
1543308523643|0|statement|connection 0|UPDATE BATCH_STEP_EXECUTION_CONTEXT SET SHORT_CONTEXT = ?, SERIALIZED_CONTEXT = ? WHERE STEP_EXECUTION_ID = ?|UPDATE BATCH_STEP_EXECUTION_CONTEXT SET SHORT_CONTEXT = '{"batch.taskletType":"org.springframework.batch.core.step.item.ChunkOrientedTasklet","batch.stepType":"org.springframework.batch.core.step.tasklet.TaskletStep"}', SERIALIZED_CONTEXT = NULL WHERE STEP_EXECUTION_ID = 1
1543308523644|0|statement|connection 0|UPDATE BATCH_STEP_EXECUTION set START_TIME = ?, END_TIME = ?, STATUS = ?, COMMIT_COUNT = ?, READ_COUNT = ?, FILTER_COUNT = ?, WRITE_COUNT = ?, EXIT_CODE = ?, EXIT_MESSAGE = ?, VERSION = ?, READ_SKIP_COUNT = ?, PROCESS_SKIP_COUNT = ?, WRITE_SKIP_COUNT = ?, ROLLBACK_COUNT = ?, LAST_UPDATED = ? where STEP_EXECUTION_ID = ? and VERSION = ?|UPDATE BATCH_STEP_EXECUTION set START_TIME = '27-Nov-18', END_TIME = NULL, STATUS = 'STARTED', COMMIT_COUNT = 15, READ_COUNT = 100, FILTER_COUNT = 0, WRITE_COUNT = 100, EXIT_CODE = 'EXECUTING', EXIT_MESSAGE = '', VERSION = 16, READ_SKIP_COUNT = 0, PROCESS_SKIP_COUNT = 0, WRITE_SKIP_COUNT = 0, ROLLBACK_COUNT = 0, LAST_UPDATED = '27-Nov-18' where STEP_EXECUTION_ID = 1 and VERSION = 15
1543308523644|0|statement|connection 0|SELECT VERSION FROM BATCH_JOB_EXECUTION WHERE JOB_EXECUTION_ID=?|SELECT VERSION FROM BATCH_JOB_EXECUTION WHERE JOB_EXECUTION_ID=1
1543308523644|0|commit|connection 0||
1543308523645|0|statement|connection 0|UPDATE BATCH_STEP_EXECUTION_CONTEXT SET SHORT_CONTEXT = ?, SERIALIZED_CONTEXT = ? WHERE STEP_EXECUTION_ID = ?|UPDATE BATCH_STEP_EXECUTION_CONTEXT SET SHORT_CONTEXT = '{"batch.taskletType":"org.springframework.batch.core.step.item.ChunkOrientedTasklet","batch.stepType":"org.springframework.batch.core.step.tasklet.TaskletStep"}', SERIALIZED_CONTEXT = NULL WHERE STEP_EXECUTION_ID = 1
1543308523645|0|commit|connection 0||
1543308523646|0|statement|connection 0|UPDATE BATCH_STEP_EXECUTION set START_TIME = ?, END_TIME = ?, STATUS = ?, COMMIT_COUNT = ?, READ_COUNT = ?, FILTER_COUNT = ?, WRITE_COUNT = ?, EXIT_CODE = ?, EXIT_MESSAGE = ?, VERSION = ?, READ_SKIP_COUNT = ?, PROCESS_SKIP_COUNT = ?, WRITE_SKIP_COUNT = ?, ROLLBACK_COUNT = ?, LAST_UPDATED = ? where STEP_EXECUTION_ID = ? and VERSION = ?|UPDATE BATCH_STEP_EXECUTION set START_TIME = '27-Nov-18', END_TIME = '27-Nov-18', STATUS = 'COMPLETED', COMMIT_COUNT = 15, READ_COUNT = 100, FILTER_COUNT = 0, WRITE_COUNT = 100, EXIT_CODE = 'COMPLETED', EXIT_MESSAGE = '', VERSION = 17, READ_SKIP_COUNT = 0, PROCESS_SKIP_COUNT = 0, WRITE_SKIP_COUNT = 0, ROLLBACK_COUNT = 0, LAST_UPDATED = '27-Nov-18' where STEP_EXECUTION_ID = 1 and VERSION = 16
1543308523646|0|statement|connection 0|SELECT VERSION FROM BATCH_JOB_EXECUTION WHERE JOB_EXECUTION_ID=?|SELECT VERSION FROM BATCH_JOB_EXECUTION WHERE JOB_EXECUTION_ID=1
1543308523646|0|commit|connection 0||
1543308523647|0|statement|connection 0|UPDATE BATCH_JOB_EXECUTION_CONTEXT SET SHORT_CONTEXT = ?, SERIALIZED_CONTEXT = ? WHERE JOB_EXECUTION_ID = ?|UPDATE BATCH_JOB_EXECUTION_CONTEXT SET SHORT_CONTEXT = '{}', SERIALIZED_CONTEXT = NULL WHERE JOB_EXECUTION_ID = 1
1543308523647|0|commit|connection 0||
1543308523648|0|statement|connection 0|SELECT VERSION FROM BATCH_JOB_EXECUTION WHERE JOB_EXECUTION_ID=?|SELECT VERSION FROM BATCH_JOB_EXECUTION WHERE JOB_EXECUTION_ID=1
1543308523649|0|statement|connection 0|SELECT COUNT(*) FROM BATCH_JOB_EXECUTION WHERE JOB_EXECUTION_ID = ?|SELECT COUNT(*) FROM BATCH_JOB_EXECUTION WHERE JOB_EXECUTION_ID = 1
1543308523650|0|statement|connection 0|UPDATE BATCH_JOB_EXECUTION set START_TIME = ?, END_TIME = ?,  STATUS = ?, EXIT_CODE = ?, EXIT_MESSAGE = ?, VERSION = ?, CREATE_TIME = ?, LAST_UPDATED = ? where JOB_EXECUTION_ID = ? and VERSION = ?|UPDATE BATCH_JOB_EXECUTION set START_TIME = '27-Nov-18', END_TIME = '27-Nov-18',  STATUS = 'COMPLETED', EXIT_CODE = 'COMPLETED', EXIT_MESSAGE = '', VERSION = 2, CREATE_TIME = '27-Nov-18', LAST_UPDATED = '27-Nov-18' where JOB_EXECUTION_ID = 1 and VERSION = 1
1543308523650|0|commit|connection 0||
1543308523786|0|statement|connection 0|select customer0_.id as id1_0_, customer0_.first_name as first_na2_0_, customer0_.last_name as last_nam3_0_ from customer customer0_|select customer0_.id as id1_0_, customer0_.first_name as first_na2_0_, customer0_.last_name as last_nam3_0_ from customer customer0_
1543308523796|0|commit|connection 0||
1543308523825|0|statement|connection 0|select customer0_.id as id1_0_, customer0_.first_name as first_na2_0_, customer0_.last_name as last_nam3_0_ from customer customer0_ where customer0_.last_name=?|select customer0_.id as id1_0_, customer0_.first_name as first_na2_0_, customer0_.last_name as last_nam3_0_ from customer customer0_ where customer0_.last_name='foo50'
1543308523832|1|statement|connection 0|drop table customer if exists|drop table customer if exists
1543308523833|0|statement|connection 0|drop sequence if exists hibernate_sequence|drop sequence if exists hibernate_sequence
