# Spring Batch schema creation statements (don't count)

1543399291245|12|statement|connection0|CREATE TABLE BATCH_JOB_INSTANCE ( JOB_INSTANCE_ID BIGINT IDENTITY NOT NULL PRIMARY KEY , VERSION BIGINT , JOB_NAME VARCHAR(100) NOT NULL, JOB_KEY VARCHAR(32) NOT NULL, constraint JOB_INST_UN unique (JOB_NAME, JOB_KEY) )
1543399291260|13|statement|connection0|CREATE TABLE BATCH_JOB_EXECUTION ( JOB_EXECUTION_ID BIGINT IDENTITY NOT NULL PRIMARY KEY , VERSION BIGINT , JOB_INSTANCE_ID BIGINT NOT NULL, CREATE_TIME TIMESTAMP NOT NULL, START_TIME TIMESTAMP DEFAULT NULL , END_TIME TIMESTAMP DEFAULT NULL , STATUS VARCHAR(10) , EXIT_CODE VARCHAR(2500) , EXIT_MESSAGE VARCHAR(2500) , LAST_UPDATED TIMESTAMP, JOB_CONFIGURATION_LOCATION VARCHAR(2500) NULL, constraint JOB_INST_EXEC_FK foreign key (JOB_INSTANCE_ID) references BATCH_JOB_INSTANCE(JOB_INSTANCE_ID) ) 
1543399291262|1|statement|connection0|CREATE TABLE BATCH_JOB_EXECUTION_PARAMS ( JOB_EXECUTION_ID BIGINT NOT NULL , TYPE_CD VARCHAR(6) NOT NULL , KEY_NAME VARCHAR(100) NOT NULL , STRING_VAL VARCHAR(250) , DATE_VAL TIMESTAMP DEFAULT NULL , LONG_VAL BIGINT , DOUBLE_VAL DOUBLE PRECISION , IDENTIFYING CHAR(1) NOT NULL , constraint JOB_EXEC_PARAMS_FK foreign key (JOB_EXECUTION_ID) references BATCH_JOB_EXECUTION(JOB_EXECUTION_ID) ) 
1543399291265|2|statement|connection0|CREATE TABLE BATCH_STEP_EXECUTION ( STEP_EXECUTION_ID BIGINT IDENTITY NOT NULL PRIMARY KEY , VERSION BIGINT NOT NULL, STEP_NAME VARCHAR(100) NOT NULL, JOB_EXECUTION_ID BIGINT NOT NULL, START_TIME TIMESTAMP NOT NULL , END_TIME TIMESTAMP DEFAULT NULL , STATUS VARCHAR(10) , COMMIT_COUNT BIGINT , READ_COUNT BIGINT , FILTER_COUNT BIGINT , WRITE_COUNT BIGINT , READ_SKIP_COUNT BIGINT , WRITE_SKIP_COUNT BIGINT , PROCESS_SKIP_COUNT BIGINT , ROLLBACK_COUNT BIGINT , EXIT_CODE VARCHAR(2500) , EXIT_MESSAGE VARCHAR(2500) , LAST_UPDATED TIMESTAMP, constraint JOB_EXEC_STEP_FK foreign key (JOB_EXECUTION_ID) references BATCH_JOB_EXECUTION(JOB_EXECUTION_ID) ) 
1543399291267|1|statement|connection0|CREATE TABLE BATCH_STEP_EXECUTION_CONTEXT ( STEP_EXECUTION_ID BIGINT NOT NULL PRIMARY KEY, SHORT_CONTEXT VARCHAR(2500) NOT NULL, SERIALIZED_CONTEXT LONGVARCHAR , constraint STEP_EXEC_CTX_FK foreign key (STEP_EXECUTION_ID) references BATCH_STEP_EXECUTION(STEP_EXECUTION_ID) ) 
1543399291268|1|statement|connection0|CREATE TABLE BATCH_JOB_EXECUTION_CONTEXT ( JOB_EXECUTION_ID BIGINT NOT NULL PRIMARY KEY, SHORT_CONTEXT VARCHAR(2500) NOT NULL, SERIALIZED_CONTEXT LONGVARCHAR , constraint JOB_EXEC_CTX_FK foreign key (JOB_EXECUTION_ID) references BATCH_JOB_EXECUTION(JOB_EXECUTION_ID) ) 
1543399291270|0|statement|connection0|CREATE SEQUENCE BATCH_STEP_EXECUTION_SEQ
1543399291270|0|statement|connection0|CREATE SEQUENCE BATCH_JOB_EXECUTION_SEQ
1543399291270|0|statement|connection0|CREATE SEQUENCE BATCH_JOB_SEQ

# Spring Batch database interactions start here

1543399291368|2|statement|connection0|SELECT JOB_INSTANCE_ID, JOB_NAME from BATCH_JOB_INSTANCE where JOB_NAME = 'job' and JOB_KEY = '2b4cb7e104e21ca05acdd30ff99b4621'
1543399291371|0|commit|connection0|
1543399291372|0|statement|connection0|SELECT JOB_INSTANCE_ID, JOB_NAME from BATCH_JOB_INSTANCE where JOB_NAME = 'job' and JOB_KEY = '2b4cb7e104e21ca05acdd30ff99b4621'
1543399291373|0|commit|connection0|
1543399291374|0|statement|connection0|SELECT JOB_INSTANCE_ID, JOB_NAME from BATCH_JOB_INSTANCE where JOB_NAME = 'job' and JOB_KEY = '2b4cb7e104e21ca05acdd30ff99b4621'
1543399291375|0|statement|connection0|SELECT JOB_INSTANCE_ID, JOB_NAME from BATCH_JOB_INSTANCE where JOB_NAME = 'job' and JOB_KEY = '2b4cb7e104e21ca05acdd30ff99b4621'
1543399291376|1|statement|connection0|select BATCH_JOB_SEQ.nextval from dual
1543399291379|0|statement|connection0|INSERT into BATCH_JOB_INSTANCE(JOB_INSTANCE_ID, JOB_NAME, JOB_KEY, VERSION) values (1, 'job', '2b4cb7e104e21ca05acdd30ff99b4621', 0)
1543399291379|0|statement|connection0|select BATCH_JOB_EXECUTION_SEQ.nextval from dual
1543399291382|0|statement|connection0|INSERT into BATCH_JOB_EXECUTION(JOB_EXECUTION_ID, JOB_INSTANCE_ID, START_TIME, END_TIME, STATUS, EXIT_CODE, EXIT_MESSAGE, VERSION, CREATE_TIME, LAST_UPDATED, JOB_CONFIGURATION_LOCATION) values (1, 1, NULL, NULL, 'STARTING', 'UNKNOWN', '', 0, '28-Nov-18', '28-Nov-18', NULL)
1543399291383|0|statement|connection0|INSERT into BATCH_JOB_EXECUTION_PARAMS(JOB_EXECUTION_ID, KEY_NAME, TYPE_CD, STRING_VAL, DATE_VAL, LONG_VAL, DOUBLE_VAL, IDENTIFYING) values (1, 'name', 'STRING', 'foo', '01-Jan-70', 0, 0.0, 'Y')
1543399291397|0|statement|connection0|INSERT INTO BATCH_JOB_EXECUTION_CONTEXT (SHORT_CONTEXT, SERIALIZED_CONTEXT, JOB_EXECUTION_ID) VALUES('{}', NULL, 1)
1543399291397|0|commit|connection0|
1543399291401|0|statement|connection0|SELECT VERSION FROM BATCH_JOB_EXECUTION WHERE JOB_EXECUTION_ID=1
1543399291404|1|statement|connection0|SELECT COUNT(*) FROM BATCH_JOB_EXECUTION WHERE JOB_EXECUTION_ID = 1
1543399291406|0|statement|connection0|UPDATE BATCH_JOB_EXECUTION set START_TIME = '28-Nov-18', END_TIME = NULL,  STATUS = 'STARTED', EXIT_CODE = 'UNKNOWN', EXIT_MESSAGE = '', VERSION = 1, CREATE_TIME = '28-Nov-18', LAST_UPDATED = '28-Nov-18' where JOB_EXECUTION_ID = 1 and VERSION = 0
1543399291406|0|commit|connection0|
1543399291407|0|statement|connection0|SELECT JOB_EXECUTION_ID, START_TIME, END_TIME, STATUS, EXIT_CODE, EXIT_MESSAGE, CREATE_TIME, LAST_UPDATED, VERSION, JOB_CONFIGURATION_LOCATION from BATCH_JOB_EXECUTION where JOB_INSTANCE_ID = 1 order by JOB_EXECUTION_ID desc
1543399291408|0|statement|connection0|SELECT JOB_EXECUTION_ID, KEY_NAME, TYPE_CD, STRING_VAL, DATE_VAL, LONG_VAL, DOUBLE_VAL, IDENTIFYING from BATCH_JOB_EXECUTION_PARAMS where JOB_EXECUTION_ID = 1
1543399291409|0|statement|connection0|SELECT STEP_EXECUTION_ID, STEP_NAME, START_TIME, END_TIME, STATUS, COMMIT_COUNT, READ_COUNT, FILTER_COUNT, WRITE_COUNT, EXIT_CODE, EXIT_MESSAGE, READ_SKIP_COUNT, WRITE_SKIP_COUNT, PROCESS_SKIP_COUNT, ROLLBACK_COUNT, LAST_UPDATED, VERSION from BATCH_STEP_EXECUTION where JOB_EXECUTION_ID = 1 order by STEP_EXECUTION_ID
1543399291409|0|commit|connection0|
1543399291410|0|statement|connection0|SELECT JOB_EXECUTION_ID, START_TIME, END_TIME, STATUS, EXIT_CODE, EXIT_MESSAGE, CREATE_TIME, LAST_UPDATED, VERSION, JOB_CONFIGURATION_LOCATION from BATCH_JOB_EXECUTION where JOB_INSTANCE_ID = 1 order by JOB_EXECUTION_ID desc
1543399291410|0|statement|connection0|SELECT JOB_EXECUTION_ID, KEY_NAME, TYPE_CD, STRING_VAL, DATE_VAL, LONG_VAL, DOUBLE_VAL, IDENTIFYING from BATCH_JOB_EXECUTION_PARAMS where JOB_EXECUTION_ID = 1
1543399291410|0|statement|connection0|SELECT STEP_EXECUTION_ID, STEP_NAME, START_TIME, END_TIME, STATUS, COMMIT_COUNT, READ_COUNT, FILTER_COUNT, WRITE_COUNT, EXIT_CODE, EXIT_MESSAGE, READ_SKIP_COUNT, WRITE_SKIP_COUNT, PROCESS_SKIP_COUNT, ROLLBACK_COUNT, LAST_UPDATED, VERSION from BATCH_STEP_EXECUTION where JOB_EXECUTION_ID = 1 order by STEP_EXECUTION_ID
1543399291411|0|commit|connection0|
1543399291411|0|statement|connection0|select BATCH_STEP_EXECUTION_SEQ.nextval from dual
1543399291412|0|statement|connection0|INSERT into BATCH_STEP_EXECUTION(STEP_EXECUTION_ID, VERSION, STEP_NAME, JOB_EXECUTION_ID, START_TIME, END_TIME, STATUS, COMMIT_COUNT, READ_COUNT, FILTER_COUNT, WRITE_COUNT, EXIT_CODE, EXIT_MESSAGE, READ_SKIP_COUNT, WRITE_SKIP_COUNT, PROCESS_SKIP_COUNT, ROLLBACK_COUNT, LAST_UPDATED) values(1, 0, 'step', 1, '28-Nov-18', NULL, 'STARTING', 0, 0, 0, 0, 'EXECUTING', '', 0, 0, 0, 0, '28-Nov-18')
1543399291413|0|statement|connection0|INSERT INTO BATCH_STEP_EXECUTION_CONTEXT (SHORT_CONTEXT, SERIALIZED_CONTEXT, STEP_EXECUTION_ID) VALUES('{}', NULL, 1)
1543399291413|0|commit|connection0|
1543399291414|0|statement|connection0|UPDATE BATCH_STEP_EXECUTION set START_TIME = '28-Nov-18', END_TIME = NULL, STATUS = 'STARTED', COMMIT_COUNT = 0, READ_COUNT = 0, FILTER_COUNT = 0, WRITE_COUNT = 0, EXIT_CODE = 'EXECUTING', EXIT_MESSAGE = '', VERSION = 1, READ_SKIP_COUNT = 0, PROCESS_SKIP_COUNT = 0, WRITE_SKIP_COUNT = 0, ROLLBACK_COUNT = 0, LAST_UPDATED = '28-Nov-18' where STEP_EXECUTION_ID = 1 and VERSION = 0
1543399291414|0|statement|connection0|SELECT VERSION FROM BATCH_JOB_EXECUTION WHERE JOB_EXECUTION_ID=1
1543399291415|0|commit|connection0|
1543399291417|0|statement|connection0|UPDATE BATCH_STEP_EXECUTION_CONTEXT SET SHORT_CONTEXT = '{"batch.taskletType":"com.sun.proxy.$Proxy43","batch.stepType":"org.springframework.batch.core.step.tasklet.TaskletStep"}', SERIALIZED_CONTEXT = NULL WHERE STEP_EXECUTION_ID = 1
1543399291417|0|commit|connection0|
1543399291434|0|statement|connection0|UPDATE BATCH_STEP_EXECUTION_CONTEXT SET SHORT_CONTEXT = '{"batch.taskletType":"com.sun.proxy.$Proxy43","batch.stepType":"org.springframework.batch.core.step.tasklet.TaskletStep"}', SERIALIZED_CONTEXT = NULL WHERE STEP_EXECUTION_ID = 1
1543399291435|0|statement|connection0|UPDATE BATCH_STEP_EXECUTION set START_TIME = '28-Nov-18', END_TIME = NULL, STATUS = 'STARTED', COMMIT_COUNT = 1, READ_COUNT = 0, FILTER_COUNT = 0, WRITE_COUNT = 0, EXIT_CODE = 'EXECUTING', EXIT_MESSAGE = '', VERSION = 2, READ_SKIP_COUNT = 0, PROCESS_SKIP_COUNT = 0, WRITE_SKIP_COUNT = 0, ROLLBACK_COUNT = 0, LAST_UPDATED = '28-Nov-18' where STEP_EXECUTION_ID = 1 and VERSION = 1
1543399291435|0|statement|connection0|SELECT VERSION FROM BATCH_JOB_EXECUTION WHERE JOB_EXECUTION_ID=1
1543399291436|0|commit|connection0|
1543399291436|0|statement|connection0|UPDATE BATCH_STEP_EXECUTION_CONTEXT SET SHORT_CONTEXT = '{"batch.taskletType":"com.sun.proxy.$Proxy43","batch.stepType":"org.springframework.batch.core.step.tasklet.TaskletStep"}', SERIALIZED_CONTEXT = NULL WHERE STEP_EXECUTION_ID = 1
1543399291436|0|commit|connection0|
1543399291437|0|statement|connection0|UPDATE BATCH_STEP_EXECUTION set START_TIME = '28-Nov-18', END_TIME = '28-Nov-18', STATUS = 'COMPLETED', COMMIT_COUNT = 1, READ_COUNT = 0, FILTER_COUNT = 0, WRITE_COUNT = 0, EXIT_CODE = 'COMPLETED', EXIT_MESSAGE = '', VERSION = 3, READ_SKIP_COUNT = 0, PROCESS_SKIP_COUNT = 0, WRITE_SKIP_COUNT = 0, ROLLBACK_COUNT = 0, LAST_UPDATED = '28-Nov-18' where STEP_EXECUTION_ID = 1 and VERSION = 2
1543399291438|0|statement|connection0|SELECT VERSION FROM BATCH_JOB_EXECUTION WHERE JOB_EXECUTION_ID=1
1543399291438|0|commit|connection0|
1543399291439|0|statement|connection0|UPDATE BATCH_JOB_EXECUTION_CONTEXT SET SHORT_CONTEXT = '{}', SERIALIZED_CONTEXT = NULL WHERE JOB_EXECUTION_ID = 1
1543399291439|0|commit|connection0|
1543399291439|0|statement|connection0|SELECT VERSION FROM BATCH_JOB_EXECUTION WHERE JOB_EXECUTION_ID=1
1543399291440|0|statement|connection0|SELECT COUNT(*) FROM BATCH_JOB_EXECUTION WHERE JOB_EXECUTION_ID = 1
1543399291441|0|statement|connection0|UPDATE BATCH_JOB_EXECUTION set START_TIME = '28-Nov-18', END_TIME = '28-Nov-18',  STATUS = 'COMPLETED', EXIT_CODE = 'COMPLETED', EXIT_MESSAGE = '', VERSION = 2, CREATE_TIME = '28-Nov-18', LAST_UPDATED = '28-Nov-18' where JOB_EXECUTION_ID = 1 and VERSION = 1
1543399291441|0|commit|connection0|

# 35 statements and 14 commits
